running egg_info
creating ../build/lidar_scan_relay/lidar_scan_relay.egg-info
writing ../build/lidar_scan_relay/lidar_scan_relay.egg-info/PKG-INFO
writing dependency_links to ../build/lidar_scan_relay/lidar_scan_relay.egg-info/dependency_links.txt
writing entry points to ../build/lidar_scan_relay/lidar_scan_relay.egg-info/entry_points.txt
writing requirements to ../build/lidar_scan_relay/lidar_scan_relay.egg-info/requires.txt
writing top-level names to ../build/lidar_scan_relay/lidar_scan_relay.egg-info/top_level.txt
writing manifest file '../build/lidar_scan_relay/lidar_scan_relay.egg-info/SOURCES.txt'
reading manifest file '../build/lidar_scan_relay/lidar_scan_relay.egg-info/SOURCES.txt'
writing manifest file '../build/lidar_scan_relay/lidar_scan_relay.egg-info/SOURCES.txt'
running build
running build_py
creating /home/blancjh/Desktop/ROS2-projects/Basic-ROS2-TurtleBot3-Manual-Control/Basic-ROS2-TurtleBot3-Manual-Control/build/lidar_scan_relay/build
creating /home/blancjh/Desktop/ROS2-projects/Basic-ROS2-TurtleBot3-Manual-Control/Basic-ROS2-TurtleBot3-Manual-Control/build/lidar_scan_relay/build/lib
creating /home/blancjh/Desktop/ROS2-projects/Basic-ROS2-TurtleBot3-Manual-Control/Basic-ROS2-TurtleBot3-Manual-Control/build/lidar_scan_relay/build/lib/lidar_scan_relay
copying lidar_scan_relay/__init__.py -> /home/blancjh/Desktop/ROS2-projects/Basic-ROS2-TurtleBot3-Manual-Control/Basic-ROS2-TurtleBot3-Manual-Control/build/lidar_scan_relay/build/lib/lidar_scan_relay
copying lidar_scan_relay/relay.py -> /home/blancjh/Desktop/ROS2-projects/Basic-ROS2-TurtleBot3-Manual-Control/Basic-ROS2-TurtleBot3-Manual-Control/build/lidar_scan_relay/build/lib/lidar_scan_relay
running install
running install_lib
creating /home/blancjh/Desktop/ROS2-projects/Basic-ROS2-TurtleBot3-Manual-Control/Basic-ROS2-TurtleBot3-Manual-Control/install/lidar_scan_relay/lib/python3.12/site-packages/lidar_scan_relay
copying /home/blancjh/Desktop/ROS2-projects/Basic-ROS2-TurtleBot3-Manual-Control/Basic-ROS2-TurtleBot3-Manual-Control/build/lidar_scan_relay/build/lib/lidar_scan_relay/__init__.py -> /home/blancjh/Desktop/ROS2-projects/Basic-ROS2-TurtleBot3-Manual-Control/Basic-ROS2-TurtleBot3-Manual-Control/install/lidar_scan_relay/lib/python3.12/site-packages/lidar_scan_relay
copying /home/blancjh/Desktop/ROS2-projects/Basic-ROS2-TurtleBot3-Manual-Control/Basic-ROS2-TurtleBot3-Manual-Control/build/lidar_scan_relay/build/lib/lidar_scan_relay/relay.py -> /home/blancjh/Desktop/ROS2-projects/Basic-ROS2-TurtleBot3-Manual-Control/Basic-ROS2-TurtleBot3-Manual-Control/install/lidar_scan_relay/lib/python3.12/site-packages/lidar_scan_relay
byte-compiling /home/blancjh/Desktop/ROS2-projects/Basic-ROS2-TurtleBot3-Manual-Control/Basic-ROS2-TurtleBot3-Manual-Control/install/lidar_scan_relay/lib/python3.12/site-packages/lidar_scan_relay/__init__.py to __init__.cpython-312.pyc
byte-compiling /home/blancjh/Desktop/ROS2-projects/Basic-ROS2-TurtleBot3-Manual-Control/Basic-ROS2-TurtleBot3-Manual-Control/install/lidar_scan_relay/lib/python3.12/site-packages/lidar_scan_relay/relay.py to relay.cpython-312.pyc
running install_data
creating /home/blancjh/Desktop/ROS2-projects/Basic-ROS2-TurtleBot3-Manual-Control/Basic-ROS2-TurtleBot3-Manual-Control/install/lidar_scan_relay/share/ament_index
creating /home/blancjh/Desktop/ROS2-projects/Basic-ROS2-TurtleBot3-Manual-Control/Basic-ROS2-TurtleBot3-Manual-Control/install/lidar_scan_relay/share/ament_index/resource_index
creating /home/blancjh/Desktop/ROS2-projects/Basic-ROS2-TurtleBot3-Manual-Control/Basic-ROS2-TurtleBot3-Manual-Control/install/lidar_scan_relay/share/ament_index/resource_index/packages
copying resource/lidar_scan_relay -> /home/blancjh/Desktop/ROS2-projects/Basic-ROS2-TurtleBot3-Manual-Control/Basic-ROS2-TurtleBot3-Manual-Control/install/lidar_scan_relay/share/ament_index/resource_index/packages
copying package.xml -> /home/blancjh/Desktop/ROS2-projects/Basic-ROS2-TurtleBot3-Manual-Control/Basic-ROS2-TurtleBot3-Manual-Control/install/lidar_scan_relay/share/lidar_scan_relay
running install_egg_info
Copying ../build/lidar_scan_relay/lidar_scan_relay.egg-info to /home/blancjh/Desktop/ROS2-projects/Basic-ROS2-TurtleBot3-Manual-Control/Basic-ROS2-TurtleBot3-Manual-Control/install/lidar_scan_relay/lib/python3.12/site-packages/lidar_scan_relay-0.0.0-py3.12.egg-info
running install_scripts
Installing relay script to /home/blancjh/Desktop/ROS2-projects/Basic-ROS2-TurtleBot3-Manual-Control/Basic-ROS2-TurtleBot3-Manual-Control/install/lidar_scan_relay/lib/lidar_scan_relay
writing list of installed files to '/home/blancjh/Desktop/ROS2-projects/Basic-ROS2-TurtleBot3-Manual-Control/Basic-ROS2-TurtleBot3-Manual-Control/build/lidar_scan_relay/install.log'
