[0.011s] Invoking command in '/home/blancjh/Desktop/ROS2-projects/Basic-ROS2-TurtleBot3-Manual-Control/Basic-ROS2-TurtleBot3-Manual-Control/build/turtlebot4_node': AMENT_PREFIX_PATH=/home/blancjh/Desktop/ROS2-projects/Basic-ROS2-TurtleBot3-Manual-Control/Basic-ROS2-TurtleBot3-Manual-Control/install/turtlebot4_msgs:${AMENT_PREFIX_PATH} CMAKE_PREFIX_PATH=/home/blancjh/Desktop/ROS2-projects/Basic-ROS2-TurtleBot3-Manual-Control/Basic-ROS2-TurtleBot3-Manual-Control/install/turtlebot4_msgs:/opt/ros/jazzy/opt/gz_sim_vendor:/opt/ros/jazzy/opt/gz_sensors_vendor:/opt/ros/jazzy/opt/gz_physics_vendor:/opt/ros/jazzy/opt/sdformat_vendor:/opt/ros/jazzy/opt/gz_gui_vendor:/opt/ros/jazzy/opt/gz_transport_vendor:/opt/ros/jazzy/opt/gz_rendering_vendor:/opt/ros/jazzy/opt/gz_plugin_vendor:/opt/ros/jazzy/opt/gz_fuel_tools_vendor:/opt/ros/jazzy/opt/gz_msgs_vendor:/opt/ros/jazzy/opt/gz_common_vendor:/opt/ros/jazzy/opt/gz_math_vendor:/opt/ros/jazzy/opt/gz_utils_vendor:/opt/ros/jazzy/opt/gz_tools_vendor:/opt/ros/jazzy/opt/gz_ogre_next_vendor:/opt/ros/jazzy/opt/gz_dartsim_vendor:/opt/ros/jazzy/opt/gz_cmake_vendor:/opt/ros/jazzy DEBUGINFOD_URLS=https://debuginfod.ubuntu.com LD_LIBRARY_PATH=/home/blancjh/Desktop/ROS2-projects/Basic-ROS2-TurtleBot3-Manual-Control/Basic-ROS2-TurtleBot3-Manual-Control/install/turtlebot4_msgs/lib:${LD_LIBRARY_PATH} PYTHONPATH=/home/blancjh/Desktop/ROS2-projects/Basic-ROS2-TurtleBot3-Manual-Control/Basic-ROS2-TurtleBot3-Manual-Control/install/turtlebot4_msgs/lib/python3.12/site-packages:${PYTHONPATH} /usr/bin/cmake /home/blancjh/Desktop/ROS2-projects/Basic-ROS2-TurtleBot3-Manual-Control/Basic-ROS2-TurtleBot3-Manual-Control/src/turtlebot4/turtlebot4_node -DCMAKE_INSTALL_PREFIX=/home/blancjh/Desktop/ROS2-projects/Basic-ROS2-TurtleBot3-Manual-Control/Basic-ROS2-TurtleBot3-Manual-Control/install/turtlebot4_node
[0.066s] -- The C compiler identification is GNU 13.3.0
[0.121s] -- The CXX compiler identification is GNU 13.3.0
[0.137s] -- Detecting C compiler ABI info
[0.226s] -- Detecting C compiler ABI info - done
[0.236s] -- Check for working C compiler: /usr/bin/cc - skipped
[0.237s] -- Detecting C compile features
[0.237s] -- Detecting C compile features - done
[0.246s] -- Detecting CXX compiler ABI info
[0.343s] -- Detecting CXX compiler ABI info - done
[0.353s] -- Check for working CXX compiler: /usr/bin/c++ - skipped
[0.353s] -- Detecting CXX compile features
[0.353s] -- Detecting CXX compile features - done
[0.358s] -- Found ament_cmake: 2.5.4 (/opt/ros/jazzy/share/ament_cmake/cmake)
[0.513s] -- Found Python3: /usr/bin/python3 (found version "3.12.3") found components: Interpreter 
[0.645s] -- Found rclcpp: 28.1.9 (/opt/ros/jazzy/share/rclcpp/cmake)
[0.703s] -- Found rosidl_generator_c: 4.6.5 (/opt/ros/jazzy/share/rosidl_generator_c/cmake)
[0.723s] -- Found rosidl_generator_cpp: 4.6.5 (/opt/ros/jazzy/share/rosidl_generator_cpp/cmake)
[0.745s] -- Using all available rosidl_typesupport_c: rosidl_typesupport_fastrtps_c;rosidl_typesupport_introspection_c
[0.771s] -- Using all available rosidl_typesupport_cpp: rosidl_typesupport_fastrtps_cpp;rosidl_typesupport_introspection_cpp
[0.877s] -- Found rmw_implementation_cmake: 7.3.2 (/opt/ros/jazzy/share/rmw_implementation_cmake/cmake)
[0.882s] -- Found rmw_fastrtps_cpp: 8.4.2 (/opt/ros/jazzy/share/rmw_fastrtps_cpp/cmake)
[0.981s] -- Found OpenSSL: /usr/lib/x86_64-linux-gnu/libcrypto.so (found version "3.0.13")  
[1.012s] -- Found FastRTPS: /opt/ros/jazzy/include (Required is at least version "2.13") 
[1.038s] -- Using RMW implementation 'rmw_fastrtps_cpp' as default
[1.135s] -- Found rclcpp_action: 28.1.9 (/opt/ros/jazzy/share/rclcpp_action/cmake)
[1.194s] -- Found std_msgs: 5.3.6 (/opt/ros/jazzy/share/std_msgs/cmake)
[1.214s] -- Found std_srvs: 5.3.6 (/opt/ros/jazzy/share/std_srvs/cmake)
[1.241s] -- Found sensor_msgs: 5.3.6 (/opt/ros/jazzy/share/sensor_msgs/cmake)
[1.293s] -- Found irobot_create_msgs: 3.0.0 (/opt/ros/jazzy/share/irobot_create_msgs/cmake)
[1.334s] -- Found turtlebot4_msgs: 2.1.0 (/home/blancjh/Desktop/ROS2-projects/Basic-ROS2-TurtleBot3-Manual-Control/Basic-ROS2-TurtleBot3-Manual-Control/install/turtlebot4_msgs/share/turtlebot4_msgs/cmake)
[1.355s] -- Found ament_lint_auto: 0.17.2 (/opt/ros/jazzy/share/ament_lint_auto/cmake)
[1.495s] -- Added test 'cppcheck' to perform static code analysis on C / C++ code
[1.496s] -- Configured cppcheck include dirs: /home/blancjh/Desktop/ROS2-projects/Basic-ROS2-TurtleBot3-Manual-Control/Basic-ROS2-TurtleBot3-Manual-Control/src/turtlebot4/turtlebot4_node/include
[1.496s] -- Configured cppcheck exclude dirs and/or files: 
[1.498s] -- Added test 'cpplint' to check C / C++ code against the Google style
[1.498s] -- Configured cpplint exclude dirs and/or files: 
[1.499s] -- Added test 'lint_cmake' to check CMake code style
[1.501s] -- Added test 'uncrustify' to check C / C++ code style
[1.501s] -- Configured uncrustify additional arguments: 
[1.502s] -- Added test 'xmllint' to check XML markup files
[1.505s] -- Configuring done (1.5s)
[1.532s] -- Generating done (0.0s)
[1.542s] -- Build files have been written to: /home/blancjh/Desktop/ROS2-projects/Basic-ROS2-TurtleBot3-Manual-Control/Basic-ROS2-TurtleBot3-Manual-Control/build/turtlebot4_node
[1.553s] Invoked command in '/home/blancjh/Desktop/ROS2-projects/Basic-ROS2-TurtleBot3-Manual-Control/Basic-ROS2-TurtleBot3-Manual-Control/build/turtlebot4_node' returned '0': AMENT_PREFIX_PATH=/home/blancjh/Desktop/ROS2-projects/Basic-ROS2-TurtleBot3-Manual-Control/Basic-ROS2-TurtleBot3-Manual-Control/install/turtlebot4_msgs:${AMENT_PREFIX_PATH} CMAKE_PREFIX_PATH=/home/blancjh/Desktop/ROS2-projects/Basic-ROS2-TurtleBot3-Manual-Control/Basic-ROS2-TurtleBot3-Manual-Control/install/turtlebot4_msgs:/opt/ros/jazzy/opt/gz_sim_vendor:/opt/ros/jazzy/opt/gz_sensors_vendor:/opt/ros/jazzy/opt/gz_physics_vendor:/opt/ros/jazzy/opt/sdformat_vendor:/opt/ros/jazzy/opt/gz_gui_vendor:/opt/ros/jazzy/opt/gz_transport_vendor:/opt/ros/jazzy/opt/gz_rendering_vendor:/opt/ros/jazzy/opt/gz_plugin_vendor:/opt/ros/jazzy/opt/gz_fuel_tools_vendor:/opt/ros/jazzy/opt/gz_msgs_vendor:/opt/ros/jazzy/opt/gz_common_vendor:/opt/ros/jazzy/opt/gz_math_vendor:/opt/ros/jazzy/opt/gz_utils_vendor:/opt/ros/jazzy/opt/gz_tools_vendor:/opt/ros/jazzy/opt/gz_ogre_next_vendor:/opt/ros/jazzy/opt/gz_dartsim_vendor:/opt/ros/jazzy/opt/gz_cmake_vendor:/opt/ros/jazzy DEBUGINFOD_URLS=https://debuginfod.ubuntu.com LD_LIBRARY_PATH=/home/blancjh/Desktop/ROS2-projects/Basic-ROS2-TurtleBot3-Manual-Control/Basic-ROS2-TurtleBot3-Manual-Control/install/turtlebot4_msgs/lib:${LD_LIBRARY_PATH} PYTHONPATH=/home/blancjh/Desktop/ROS2-projects/Basic-ROS2-TurtleBot3-Manual-Control/Basic-ROS2-TurtleBot3-Manual-Control/install/turtlebot4_msgs/lib/python3.12/site-packages:${PYTHONPATH} /usr/bin/cmake /home/blancjh/Desktop/ROS2-projects/Basic-ROS2-TurtleBot3-Manual-Control/Basic-ROS2-TurtleBot3-Manual-Control/src/turtlebot4/turtlebot4_node -DCMAKE_INSTALL_PREFIX=/home/blancjh/Desktop/ROS2-projects/Basic-ROS2-TurtleBot3-Manual-Control/Basic-ROS2-TurtleBot3-Manual-Control/install/turtlebot4_node
[1.554s] Invoking command in '/home/blancjh/Desktop/ROS2-projects/Basic-ROS2-TurtleBot3-Manual-Control/Basic-ROS2-TurtleBot3-Manual-Control/build/turtlebot4_node': AMENT_PREFIX_PATH=/home/blancjh/Desktop/ROS2-projects/Basic-ROS2-TurtleBot3-Manual-Control/Basic-ROS2-TurtleBot3-Manual-Control/install/turtlebot4_msgs:${AMENT_PREFIX_PATH} CMAKE_PREFIX_PATH=/home/blancjh/Desktop/ROS2-projects/Basic-ROS2-TurtleBot3-Manual-Control/Basic-ROS2-TurtleBot3-Manual-Control/install/turtlebot4_msgs:/opt/ros/jazzy/opt/gz_sim_vendor:/opt/ros/jazzy/opt/gz_sensors_vendor:/opt/ros/jazzy/opt/gz_physics_vendor:/opt/ros/jazzy/opt/sdformat_vendor:/opt/ros/jazzy/opt/gz_gui_vendor:/opt/ros/jazzy/opt/gz_transport_vendor:/opt/ros/jazzy/opt/gz_rendering_vendor:/opt/ros/jazzy/opt/gz_plugin_vendor:/opt/ros/jazzy/opt/gz_fuel_tools_vendor:/opt/ros/jazzy/opt/gz_msgs_vendor:/opt/ros/jazzy/opt/gz_common_vendor:/opt/ros/jazzy/opt/gz_math_vendor:/opt/ros/jazzy/opt/gz_utils_vendor:/opt/ros/jazzy/opt/gz_tools_vendor:/opt/ros/jazzy/opt/gz_ogre_next_vendor:/opt/ros/jazzy/opt/gz_dartsim_vendor:/opt/ros/jazzy/opt/gz_cmake_vendor:/opt/ros/jazzy DEBUGINFOD_URLS=https://debuginfod.ubuntu.com LD_LIBRARY_PATH=/home/blancjh/Desktop/ROS2-projects/Basic-ROS2-TurtleBot3-Manual-Control/Basic-ROS2-TurtleBot3-Manual-Control/install/turtlebot4_msgs/lib:${LD_LIBRARY_PATH} PYTHONPATH=/home/blancjh/Desktop/ROS2-projects/Basic-ROS2-TurtleBot3-Manual-Control/Basic-ROS2-TurtleBot3-Manual-Control/install/turtlebot4_msgs/lib/python3.12/site-packages:${PYTHONPATH} /usr/bin/cmake --build /home/blancjh/Desktop/ROS2-projects/Basic-ROS2-TurtleBot3-Manual-Control/Basic-ROS2-TurtleBot3-Manual-Control/build/turtlebot4_node -- -j12 -l12
[1.608s] [ 25%] [32mBuilding CXX object CMakeFiles/turtlebot4_node_lib.dir/src/turtlebot4.cpp.o[0m
[1.608s] [ 25%] [32mBuilding CXX object CMakeFiles/turtlebot4_node_lib.dir/src/display.cpp.o[0m
[1.611s] [ 37%] [32mBuilding CXX object CMakeFiles/turtlebot4_node_lib.dir/src/main.cpp.o[0m
[1.612s] [ 50%] [32mBuilding CXX object CMakeFiles/turtlebot4_node_lib.dir/src/buttons.cpp.o[0m
[1.612s] [ 62%] [32mBuilding CXX object CMakeFiles/turtlebot4_node_lib.dir/src/leds.cpp.o[0m
[24.242s] [ 75%] [32m[1mLinking CXX static library libturtlebot4_node_lib.a[0m
[24.829s] [ 75%] Built target turtlebot4_node_lib
[24.851s] [ 87%] [32mBuilding CXX object CMakeFiles/turtlebot4_node.dir/src/main.cpp.o[0m
[29.183s] [100%] [32m[1mLinking CXX executable turtlebot4_node[0m
[30.562s] [100%] Built target turtlebot4_node
[30.573s] Invoked command in '/home/blancjh/Desktop/ROS2-projects/Basic-ROS2-TurtleBot3-Manual-Control/Basic-ROS2-TurtleBot3-Manual-Control/build/turtlebot4_node' returned '0': AMENT_PREFIX_PATH=/home/blancjh/Desktop/ROS2-projects/Basic-ROS2-TurtleBot3-Manual-Control/Basic-ROS2-TurtleBot3-Manual-Control/install/turtlebot4_msgs:${AMENT_PREFIX_PATH} CMAKE_PREFIX_PATH=/home/blancjh/Desktop/ROS2-projects/Basic-ROS2-TurtleBot3-Manual-Control/Basic-ROS2-TurtleBot3-Manual-Control/install/turtlebot4_msgs:/opt/ros/jazzy/opt/gz_sim_vendor:/opt/ros/jazzy/opt/gz_sensors_vendor:/opt/ros/jazzy/opt/gz_physics_vendor:/opt/ros/jazzy/opt/sdformat_vendor:/opt/ros/jazzy/opt/gz_gui_vendor:/opt/ros/jazzy/opt/gz_transport_vendor:/opt/ros/jazzy/opt/gz_rendering_vendor:/opt/ros/jazzy/opt/gz_plugin_vendor:/opt/ros/jazzy/opt/gz_fuel_tools_vendor:/opt/ros/jazzy/opt/gz_msgs_vendor:/opt/ros/jazzy/opt/gz_common_vendor:/opt/ros/jazzy/opt/gz_math_vendor:/opt/ros/jazzy/opt/gz_utils_vendor:/opt/ros/jazzy/opt/gz_tools_vendor:/opt/ros/jazzy/opt/gz_ogre_next_vendor:/opt/ros/jazzy/opt/gz_dartsim_vendor:/opt/ros/jazzy/opt/gz_cmake_vendor:/opt/ros/jazzy DEBUGINFOD_URLS=https://debuginfod.ubuntu.com LD_LIBRARY_PATH=/home/blancjh/Desktop/ROS2-projects/Basic-ROS2-TurtleBot3-Manual-Control/Basic-ROS2-TurtleBot3-Manual-Control/install/turtlebot4_msgs/lib:${LD_LIBRARY_PATH} PYTHONPATH=/home/blancjh/Desktop/ROS2-projects/Basic-ROS2-TurtleBot3-Manual-Control/Basic-ROS2-TurtleBot3-Manual-Control/install/turtlebot4_msgs/lib/python3.12/site-packages:${PYTHONPATH} /usr/bin/cmake --build /home/blancjh/Desktop/ROS2-projects/Basic-ROS2-TurtleBot3-Manual-Control/Basic-ROS2-TurtleBot3-Manual-Control/build/turtlebot4_node -- -j12 -l12
[30.574s] Invoking command in '/home/blancjh/Desktop/ROS2-projects/Basic-ROS2-TurtleBot3-Manual-Control/Basic-ROS2-TurtleBot3-Manual-Control/build/turtlebot4_node': AMENT_PREFIX_PATH=/home/blancjh/Desktop/ROS2-projects/Basic-ROS2-TurtleBot3-Manual-Control/Basic-ROS2-TurtleBot3-Manual-Control/install/turtlebot4_msgs:${AMENT_PREFIX_PATH} CMAKE_PREFIX_PATH=/home/blancjh/Desktop/ROS2-projects/Basic-ROS2-TurtleBot3-Manual-Control/Basic-ROS2-TurtleBot3-Manual-Control/install/turtlebot4_msgs:/opt/ros/jazzy/opt/gz_sim_vendor:/opt/ros/jazzy/opt/gz_sensors_vendor:/opt/ros/jazzy/opt/gz_physics_vendor:/opt/ros/jazzy/opt/sdformat_vendor:/opt/ros/jazzy/opt/gz_gui_vendor:/opt/ros/jazzy/opt/gz_transport_vendor:/opt/ros/jazzy/opt/gz_rendering_vendor:/opt/ros/jazzy/opt/gz_plugin_vendor:/opt/ros/jazzy/opt/gz_fuel_tools_vendor:/opt/ros/jazzy/opt/gz_msgs_vendor:/opt/ros/jazzy/opt/gz_common_vendor:/opt/ros/jazzy/opt/gz_math_vendor:/opt/ros/jazzy/opt/gz_utils_vendor:/opt/ros/jazzy/opt/gz_tools_vendor:/opt/ros/jazzy/opt/gz_ogre_next_vendor:/opt/ros/jazzy/opt/gz_dartsim_vendor:/opt/ros/jazzy/opt/gz_cmake_vendor:/opt/ros/jazzy DEBUGINFOD_URLS=https://debuginfod.ubuntu.com LD_LIBRARY_PATH=/home/blancjh/Desktop/ROS2-projects/Basic-ROS2-TurtleBot3-Manual-Control/Basic-ROS2-TurtleBot3-Manual-Control/install/turtlebot4_msgs/lib:${LD_LIBRARY_PATH} PYTHONPATH=/home/blancjh/Desktop/ROS2-projects/Basic-ROS2-TurtleBot3-Manual-Control/Basic-ROS2-TurtleBot3-Manual-Control/install/turtlebot4_msgs/lib/python3.12/site-packages:${PYTHONPATH} /usr/bin/cmake --install /home/blancjh/Desktop/ROS2-projects/Basic-ROS2-TurtleBot3-Manual-Control/Basic-ROS2-TurtleBot3-Manual-Control/build/turtlebot4_node
[30.582s] -- Install configuration: ""
[30.582s] -- Installing: /home/blancjh/Desktop/ROS2-projects/Basic-ROS2-TurtleBot3-Manual-Control/Basic-ROS2-TurtleBot3-Manual-Control/install/turtlebot4_node/lib/turtlebot4_node/turtlebot4_node
[30.603s] -- Set non-toolchain portion of runtime path of "/home/blancjh/Desktop/ROS2-projects/Basic-ROS2-TurtleBot3-Manual-Control/Basic-ROS2-TurtleBot3-Manual-Control/install/turtlebot4_node/lib/turtlebot4_node/turtlebot4_node" to ""
[30.603s] -- Installing: /home/blancjh/Desktop/ROS2-projects/Basic-ROS2-TurtleBot3-Manual-Control/Basic-ROS2-TurtleBot3-Manual-Control/install/turtlebot4_node/include
[30.603s] -- Installing: /home/blancjh/Desktop/ROS2-projects/Basic-ROS2-TurtleBot3-Manual-Control/Basic-ROS2-TurtleBot3-Manual-Control/install/turtlebot4_node/include/turtlebot4_node
[30.603s] -- Installing: /home/blancjh/Desktop/ROS2-projects/Basic-ROS2-TurtleBot3-Manual-Control/Basic-ROS2-TurtleBot3-Manual-Control/install/turtlebot4_node/include/turtlebot4_node/utils.hpp
[30.604s] -- Installing: /home/blancjh/Desktop/ROS2-projects/Basic-ROS2-TurtleBot3-Manual-Control/Basic-ROS2-TurtleBot3-Manual-Control/install/turtlebot4_node/include/turtlebot4_node/action.hpp
[30.604s] -- Installing: /home/blancjh/Desktop/ROS2-projects/Basic-ROS2-TurtleBot3-Manual-Control/Basic-ROS2-TurtleBot3-Manual-Control/install/turtlebot4_node/include/turtlebot4_node/buttons.hpp
[30.604s] -- Installing: /home/blancjh/Desktop/ROS2-projects/Basic-ROS2-TurtleBot3-Manual-Control/Basic-ROS2-TurtleBot3-Manual-Control/install/turtlebot4_node/include/turtlebot4_node/display.hpp
[30.604s] -- Installing: /home/blancjh/Desktop/ROS2-projects/Basic-ROS2-TurtleBot3-Manual-Control/Basic-ROS2-TurtleBot3-Manual-Control/install/turtlebot4_node/include/turtlebot4_node/leds.hpp
[30.604s] -- Installing: /home/blancjh/Desktop/ROS2-projects/Basic-ROS2-TurtleBot3-Manual-Control/Basic-ROS2-TurtleBot3-Manual-Control/install/turtlebot4_node/include/turtlebot4_node/turtlebot4.hpp
[30.604s] -- Installing: /home/blancjh/Desktop/ROS2-projects/Basic-ROS2-TurtleBot3-Manual-Control/Basic-ROS2-TurtleBot3-Manual-Control/install/turtlebot4_node/include/turtlebot4_node/service.hpp
[30.604s] -- Installing: /home/blancjh/Desktop/ROS2-projects/Basic-ROS2-TurtleBot3-Manual-Control/Basic-ROS2-TurtleBot3-Manual-Control/install/turtlebot4_node/share/ament_index/resource_index/package_run_dependencies/turtlebot4_node
[30.604s] -- Installing: /home/blancjh/Desktop/ROS2-projects/Basic-ROS2-TurtleBot3-Manual-Control/Basic-ROS2-TurtleBot3-Manual-Control/install/turtlebot4_node/share/ament_index/resource_index/parent_prefix_path/turtlebot4_node
[30.604s] -- Installing: /home/blancjh/Desktop/ROS2-projects/Basic-ROS2-TurtleBot3-Manual-Control/Basic-ROS2-TurtleBot3-Manual-Control/install/turtlebot4_node/share/turtlebot4_node/environment/ament_prefix_path.sh
[30.605s] -- Installing: /home/blancjh/Desktop/ROS2-projects/Basic-ROS2-TurtleBot3-Manual-Control/Basic-ROS2-TurtleBot3-Manual-Control/install/turtlebot4_node/share/turtlebot4_node/environment/ament_prefix_path.dsv
[30.605s] -- Installing: /home/blancjh/Desktop/ROS2-projects/Basic-ROS2-TurtleBot3-Manual-Control/Basic-ROS2-TurtleBot3-Manual-Control/install/turtlebot4_node/share/turtlebot4_node/environment/path.sh
[30.605s] -- Installing: /home/blancjh/Desktop/ROS2-projects/Basic-ROS2-TurtleBot3-Manual-Control/Basic-ROS2-TurtleBot3-Manual-Control/install/turtlebot4_node/share/turtlebot4_node/environment/path.dsv
[30.605s] -- Installing: /home/blancjh/Desktop/ROS2-projects/Basic-ROS2-TurtleBot3-Manual-Control/Basic-ROS2-TurtleBot3-Manual-Control/install/turtlebot4_node/share/turtlebot4_node/local_setup.bash
[30.605s] -- Installing: /home/blancjh/Desktop/ROS2-projects/Basic-ROS2-TurtleBot3-Manual-Control/Basic-ROS2-TurtleBot3-Manual-Control/install/turtlebot4_node/share/turtlebot4_node/local_setup.sh
[30.605s] -- Installing: /home/blancjh/Desktop/ROS2-projects/Basic-ROS2-TurtleBot3-Manual-Control/Basic-ROS2-TurtleBot3-Manual-Control/install/turtlebot4_node/share/turtlebot4_node/local_setup.zsh
[30.605s] -- Installing: /home/blancjh/Desktop/ROS2-projects/Basic-ROS2-TurtleBot3-Manual-Control/Basic-ROS2-TurtleBot3-Manual-Control/install/turtlebot4_node/share/turtlebot4_node/local_setup.dsv
[30.606s] -- Installing: /home/blancjh/Desktop/ROS2-projects/Basic-ROS2-TurtleBot3-Manual-Control/Basic-ROS2-TurtleBot3-Manual-Control/install/turtlebot4_node/share/turtlebot4_node/package.dsv
[30.606s] -- Installing: /home/blancjh/Desktop/ROS2-projects/Basic-ROS2-TurtleBot3-Manual-Control/Basic-ROS2-TurtleBot3-Manual-Control/install/turtlebot4_node/share/ament_index/resource_index/packages/turtlebot4_node
[30.606s] -- Installing: /home/blancjh/Desktop/ROS2-projects/Basic-ROS2-TurtleBot3-Manual-Control/Basic-ROS2-TurtleBot3-Manual-Control/install/turtlebot4_node/share/turtlebot4_node/cmake/ament_cmake_export_include_directories-extras.cmake
[30.606s] -- Installing: /home/blancjh/Desktop/ROS2-projects/Basic-ROS2-TurtleBot3-Manual-Control/Basic-ROS2-TurtleBot3-Manual-Control/install/turtlebot4_node/share/turtlebot4_node/cmake/turtlebot4_nodeConfig.cmake
[30.606s] -- Installing: /home/blancjh/Desktop/ROS2-projects/Basic-ROS2-TurtleBot3-Manual-Control/Basic-ROS2-TurtleBot3-Manual-Control/install/turtlebot4_node/share/turtlebot4_node/cmake/turtlebot4_nodeConfig-version.cmake
[30.606s] -- Installing: /home/blancjh/Desktop/ROS2-projects/Basic-ROS2-TurtleBot3-Manual-Control/Basic-ROS2-TurtleBot3-Manual-Control/install/turtlebot4_node/share/turtlebot4_node/package.xml
[30.608s] Invoked command in '/home/blancjh/Desktop/ROS2-projects/Basic-ROS2-TurtleBot3-Manual-Control/Basic-ROS2-TurtleBot3-Manual-Control/build/turtlebot4_node' returned '0': AMENT_PREFIX_PATH=/home/blancjh/Desktop/ROS2-projects/Basic-ROS2-TurtleBot3-Manual-Control/Basic-ROS2-TurtleBot3-Manual-Control/install/turtlebot4_msgs:${AMENT_PREFIX_PATH} CMAKE_PREFIX_PATH=/home/blancjh/Desktop/ROS2-projects/Basic-ROS2-TurtleBot3-Manual-Control/Basic-ROS2-TurtleBot3-Manual-Control/install/turtlebot4_msgs:/opt/ros/jazzy/opt/gz_sim_vendor:/opt/ros/jazzy/opt/gz_sensors_vendor:/opt/ros/jazzy/opt/gz_physics_vendor:/opt/ros/jazzy/opt/sdformat_vendor:/opt/ros/jazzy/opt/gz_gui_vendor:/opt/ros/jazzy/opt/gz_transport_vendor:/opt/ros/jazzy/opt/gz_rendering_vendor:/opt/ros/jazzy/opt/gz_plugin_vendor:/opt/ros/jazzy/opt/gz_fuel_tools_vendor:/opt/ros/jazzy/opt/gz_msgs_vendor:/opt/ros/jazzy/opt/gz_common_vendor:/opt/ros/jazzy/opt/gz_math_vendor:/opt/ros/jazzy/opt/gz_utils_vendor:/opt/ros/jazzy/opt/gz_tools_vendor:/opt/ros/jazzy/opt/gz_ogre_next_vendor:/opt/ros/jazzy/opt/gz_dartsim_vendor:/opt/ros/jazzy/opt/gz_cmake_vendor:/opt/ros/jazzy DEBUGINFOD_URLS=https://debuginfod.ubuntu.com LD_LIBRARY_PATH=/home/blancjh/Desktop/ROS2-projects/Basic-ROS2-TurtleBot3-Manual-Control/Basic-ROS2-TurtleBot3-Manual-Control/install/turtlebot4_msgs/lib:${LD_LIBRARY_PATH} PYTHONPATH=/home/blancjh/Desktop/ROS2-projects/Basic-ROS2-TurtleBot3-Manual-Control/Basic-ROS2-TurtleBot3-Manual-Control/install/turtlebot4_msgs/lib/python3.12/site-packages:${PYTHONPATH} /usr/bin/cmake --install /home/blancjh/Desktop/ROS2-projects/Basic-ROS2-TurtleBot3-Manual-Control/Basic-ROS2-TurtleBot3-Manual-Control/build/turtlebot4_node
