[0.772s] Invoking command in '/home/blancjh/Desktop/ROS2-projects/Basic-ROS2-TurtleBot3-Manual-Control/Basic-ROS2-TurtleBot3-Manual-Control/lidar_scan_relay': DEBUGINFOD_URLS=https://debuginfod.ubuntu.com PYTHONPATH=/home/blancjh/Desktop/ROS2-projects/Basic-ROS2-TurtleBot3-Manual-Control/Basic-ROS2-TurtleBot3-Manual-Control/build/lidar_scan_relay/prefix_override:/usr/lib/python3/dist-packages/colcon_core/task/python/colcon_distutils_commands:/home/blancjh/Desktop/ROS2-projects/Basic-ROS2-TurtleBot3-Manual-Control/Basic-ROS2-TurtleBot3-Manual-Control/install/lidar_scan_relay/lib/python3.12/site-packages:${PYTHONPATH} /usr/bin/python3 -W ignore:setup.py install is deprecated -W ignore:easy_install command is deprecated setup.py egg_info --egg-base ../build/lidar_scan_relay build --build-base /home/blancjh/Desktop/ROS2-projects/Basic-ROS2-TurtleBot3-Manual-Control/Basic-ROS2-TurtleBot3-Manual-Control/build/lidar_scan_relay/build install --record /home/blancjh/Desktop/ROS2-projects/Basic-ROS2-TurtleBot3-Manual-Control/Basic-ROS2-TurtleBot3-Manual-Control/build/lidar_scan_relay/install.log --single-version-externally-managed install_data
[1.044s] running egg_info
[1.064s] writing ../build/lidar_scan_relay/lidar_scan_relay.egg-info/PKG-INFO
[1.064s] writing dependency_links to ../build/lidar_scan_relay/lidar_scan_relay.egg-info/dependency_links.txt
[1.064s] writing entry points to ../build/lidar_scan_relay/lidar_scan_relay.egg-info/entry_points.txt
[1.064s] writing requirements to ../build/lidar_scan_relay/lidar_scan_relay.egg-info/requires.txt
[1.065s] writing top-level names to ../build/lidar_scan_relay/lidar_scan_relay.egg-info/top_level.txt
[1.105s] reading manifest file '../build/lidar_scan_relay/lidar_scan_relay.egg-info/SOURCES.txt'
[1.106s] writing manifest file '../build/lidar_scan_relay/lidar_scan_relay.egg-info/SOURCES.txt'
[1.106s] running build
[1.106s] running build_py
[1.107s] copying lidar_scan_relay/relay.py -> /home/blancjh/Desktop/ROS2-projects/Basic-ROS2-TurtleBot3-Manual-Control/Basic-ROS2-TurtleBot3-Manual-Control/build/lidar_scan_relay/build/lib/lidar_scan_relay
[1.107s] running install
[1.113s] running install_lib
[1.134s] copying /home/blancjh/Desktop/ROS2-projects/Basic-ROS2-TurtleBot3-Manual-Control/Basic-ROS2-TurtleBot3-Manual-Control/build/lidar_scan_relay/build/lib/lidar_scan_relay/relay.py -> /home/blancjh/Desktop/ROS2-projects/Basic-ROS2-TurtleBot3-Manual-Control/Basic-ROS2-TurtleBot3-Manual-Control/install/lidar_scan_relay/lib/python3.12/site-packages/lidar_scan_relay
[1.134s] byte-compiling /home/blancjh/Desktop/ROS2-projects/Basic-ROS2-TurtleBot3-Manual-Control/Basic-ROS2-TurtleBot3-Manual-Control/install/lidar_scan_relay/lib/python3.12/site-packages/lidar_scan_relay/relay.py to relay.cpython-312.pyc
[1.135s] running install_data
[1.135s] running install_egg_info
[1.157s] removing '/home/blancjh/Desktop/ROS2-projects/Basic-ROS2-TurtleBot3-Manual-Control/Basic-ROS2-TurtleBot3-Manual-Control/install/lidar_scan_relay/lib/python3.12/site-packages/lidar_scan_relay-0.0.0-py3.12.egg-info' (and everything under it)
[1.158s] Copying ../build/lidar_scan_relay/lidar_scan_relay.egg-info to /home/blancjh/Desktop/ROS2-projects/Basic-ROS2-TurtleBot3-Manual-Control/Basic-ROS2-TurtleBot3-Manual-Control/install/lidar_scan_relay/lib/python3.12/site-packages/lidar_scan_relay-0.0.0-py3.12.egg-info
[1.158s] running install_scripts
[1.299s] Installing relay script to /home/blancjh/Desktop/ROS2-projects/Basic-ROS2-TurtleBot3-Manual-Control/Basic-ROS2-TurtleBot3-Manual-Control/install/lidar_scan_relay/lib/lidar_scan_relay
[1.299s] writing list of installed files to '/home/blancjh/Desktop/ROS2-projects/Basic-ROS2-TurtleBot3-Manual-Control/Basic-ROS2-TurtleBot3-Manual-Control/build/lidar_scan_relay/install.log'
[1.323s] Invoked command in '/home/blancjh/Desktop/ROS2-projects/Basic-ROS2-TurtleBot3-Manual-Control/Basic-ROS2-TurtleBot3-Manual-Control/lidar_scan_relay' returned '0': DEBUGINFOD_URLS=https://debuginfod.ubuntu.com PYTHONPATH=/home/blancjh/Desktop/ROS2-projects/Basic-ROS2-TurtleBot3-Manual-Control/Basic-ROS2-TurtleBot3-Manual-Control/build/lidar_scan_relay/prefix_override:/usr/lib/python3/dist-packages/colcon_core/task/python/colcon_distutils_commands:/home/blancjh/Desktop/ROS2-projects/Basic-ROS2-TurtleBot3-Manual-Control/Basic-ROS2-TurtleBot3-Manual-Control/install/lidar_scan_relay/lib/python3.12/site-packages:${PYTHONPATH} /usr/bin/python3 -W ignore:setup.py install is deprecated -W ignore:easy_install command is deprecated setup.py egg_info --egg-base ../build/lidar_scan_relay build --build-base /home/blancjh/Desktop/ROS2-projects/Basic-ROS2-TurtleBot3-Manual-Control/Basic-ROS2-TurtleBot3-Manual-Control/build/lidar_scan_relay/build install --record /home/blancjh/Desktop/ROS2-projects/Basic-ROS2-TurtleBot3-Manual-Control/Basic-ROS2-TurtleBot3-Manual-Control/build/lidar_scan_relay/install.log --single-version-externally-managed install_data
