[0.021s] Invoking command in '/home/blancjh/Desktop/ROS2-projects/Basic-ROS2-TurtleBot3-Manual-Control/Basic-ROS2-TurtleBot3-Manual-Control/build/turtlebot4_msgs': CMAKE_PREFIX_PATH=${CMAKE_PREFIX_PATH}:/opt/ros/jazzy DEBUGINFOD_URLS=https://debuginfod.ubuntu.com /usr/bin/cmake /home/blancjh/Desktop/ROS2-projects/Basic-ROS2-TurtleBot3-Manual-Control/Basic-ROS2-TurtleBot3-Manual-Control/src/turtlebot4/turtlebot4_msgs -DCMAKE_INSTALL_PREFIX=/home/blancjh/Desktop/ROS2-projects/Basic-ROS2-TurtleBot3-Manual-Control/Basic-ROS2-TurtleBot3-Manual-Control/install/turtlebot4_msgs
[0.082s] -- The C compiler identification is GNU 13.3.0
[0.140s] -- The CXX compiler identification is GNU 13.3.0
[0.157s] -- Detecting C compiler ABI info
[0.242s] -- Detecting C compiler ABI info - done
[0.254s] -- Check for working C compiler: /usr/bin/cc - skipped
[0.254s] -- Detecting C compile features
[0.254s] -- Detecting C compile features - done
[0.263s] -- Detecting CXX compiler ABI info
[0.362s] -- Detecting CXX compiler ABI info - done
[0.379s] -- Check for working CXX compiler: /usr/bin/c++ - skipped
[0.380s] -- Detecting CXX compile features
[0.380s] -- Detecting CXX compile features - done
[0.386s] -- Found ament_cmake: 2.5.4 (/opt/ros/jazzy/share/ament_cmake/cmake)
[0.549s] -- Found Python3: /usr/bin/python3 (found version "3.12.3") found components: Interpreter 
[0.680s] -- Found ament_lint_auto: 0.17.2 (/opt/ros/jazzy/share/ament_lint_auto/cmake)
[0.814s] -- Found rosidl_default_generators: 1.6.0 (/opt/ros/jazzy/share/rosidl_default_generators/cmake)
[0.825s] -- Using all available rosidl_typesupport_c: rosidl_typesupport_fastrtps_c;rosidl_typesupport_introspection_c
[0.899s] -- Using all available rosidl_typesupport_cpp: rosidl_typesupport_fastrtps_cpp;rosidl_typesupport_introspection_cpp
[0.975s] -- Found rosidl_adapter: 4.6.5 (/opt/ros/jazzy/share/rosidl_adapter/cmake)
[0.982s] -- Found std_msgs: 5.3.6 (/opt/ros/jazzy/share/std_msgs/cmake)
[1.493s] -- Found ament_cmake_ros: 0.12.0 (/opt/ros/jazzy/share/ament_cmake_ros/cmake)
[1.901s] -- Using all available rosidl_typesupport_c: rosidl_typesupport_fastrtps_c;rosidl_typesupport_introspection_c
[2.447s] -- Using all available rosidl_typesupport_cpp: rosidl_typesupport_fastrtps_cpp;rosidl_typesupport_introspection_cpp
[2.454s] -- Found python_cmake_module: 0.11.1 (/opt/ros/jazzy/share/python_cmake_module/cmake)
[2.581s] -- Found PythonExtra: /usr/bin/python3  
[2.990s] -- Found Python3: /usr/bin/python3 (found version "3.12.3") found components: Interpreter Development NumPy Development.Module Development.Embed 
[3.023s] -- Added test 'copyright' to check source files copyright and LICENSE
[3.026s] -- Added test 'lint_cmake' to check CMake code style
[3.027s] -- Added test 'xmllint' to check XML markup files
[3.035s] -- Configuring done (3.0s)
[3.073s] -- Generating done (0.0s)
[3.085s] -- Build files have been written to: /home/blancjh/Desktop/ROS2-projects/Basic-ROS2-TurtleBot3-Manual-Control/Basic-ROS2-TurtleBot3-Manual-Control/build/turtlebot4_msgs
[3.093s] Invoked command in '/home/blancjh/Desktop/ROS2-projects/Basic-ROS2-TurtleBot3-Manual-Control/Basic-ROS2-TurtleBot3-Manual-Control/build/turtlebot4_msgs' returned '0': CMAKE_PREFIX_PATH=${CMAKE_PREFIX_PATH}:/opt/ros/jazzy DEBUGINFOD_URLS=https://debuginfod.ubuntu.com /usr/bin/cmake /home/blancjh/Desktop/ROS2-projects/Basic-ROS2-TurtleBot3-Manual-Control/Basic-ROS2-TurtleBot3-Manual-Control/src/turtlebot4/turtlebot4_msgs -DCMAKE_INSTALL_PREFIX=/home/blancjh/Desktop/ROS2-projects/Basic-ROS2-TurtleBot3-Manual-Control/Basic-ROS2-TurtleBot3-Manual-Control/install/turtlebot4_msgs
[3.095s] Invoking command in '/home/blancjh/Desktop/ROS2-projects/Basic-ROS2-TurtleBot3-Manual-Control/Basic-ROS2-TurtleBot3-Manual-Control/build/turtlebot4_msgs': CMAKE_PREFIX_PATH=${CMAKE_PREFIX_PATH}:/opt/ros/jazzy DEBUGINFOD_URLS=https://debuginfod.ubuntu.com /usr/bin/cmake --build /home/blancjh/Desktop/ROS2-projects/Basic-ROS2-TurtleBot3-Manual-Control/Basic-ROS2-TurtleBot3-Manual-Control/build/turtlebot4_msgs -- -j12 -l12
[3.148s] [  1%] [34m[1mGenerating type hashes for ROS interfaces[0m
[3.158s] [  1%] Built target ament_cmake_python_copy_turtlebot4_msgs
[3.374s] running egg_info
[3.375s] creating turtlebot4_msgs.egg-info
[3.394s] writing turtlebot4_msgs.egg-info/PKG-INFO
[3.395s] writing dependency_links to turtlebot4_msgs.egg-info/dependency_links.txt
[3.395s] writing top-level names to turtlebot4_msgs.egg-info/top_level.txt
[3.395s] writing manifest file 'turtlebot4_msgs.egg-info/SOURCES.txt'
[3.450s] [  1%] Built target turtlebot4_msgs__rosidl_generator_type_description
[3.458s] reading manifest file 'turtlebot4_msgs.egg-info/SOURCES.txt'
[3.458s] writing manifest file 'turtlebot4_msgs.egg-info/SOURCES.txt'
[3.462s] [  3%] [34m[1mGenerating C code for ROS interfaces[0m
[3.474s] [  5%] [34m[1mGenerating C++ code for ROS interfaces[0m
[3.491s] [  5%] Built target ament_cmake_python_build_turtlebot4_msgs_egg
[3.864s] [  5%] Built target turtlebot4_msgs__cpp
[3.923s] [  7%] [32mBuilding C object CMakeFiles/turtlebot4_msgs__rosidl_generator_c.dir/rosidl_generator_c/turtlebot4_msgs/msg/detail/user_led__functions.c.o[0m
[3.924s] [  9%] [32mBuilding C object CMakeFiles/turtlebot4_msgs__rosidl_generator_c.dir/rosidl_generator_c/turtlebot4_msgs/msg/detail/user_button__functions.c.o[0m
[3.924s] [ 12%] [32mBuilding C object CMakeFiles/turtlebot4_msgs__rosidl_generator_c.dir/rosidl_generator_c/turtlebot4_msgs/msg/detail/user_led__type_support.c.o[0m
[3.925s] [ 14%] [32mBuilding C object CMakeFiles/turtlebot4_msgs__rosidl_generator_c.dir/rosidl_generator_c/turtlebot4_msgs/msg/detail/user_display__description.c.o[0m
[3.926s] [ 16%] [32mBuilding C object CMakeFiles/turtlebot4_msgs__rosidl_generator_c.dir/rosidl_generator_c/turtlebot4_msgs/msg/detail/user_button__type_support.c.o[0m
[3.926s] [ 16%] [32mBuilding C object CMakeFiles/turtlebot4_msgs__rosidl_generator_c.dir/rosidl_generator_c/turtlebot4_msgs/msg/detail/user_led__description.c.o[0m
[3.926s] [ 18%] [32mBuilding C object CMakeFiles/turtlebot4_msgs__rosidl_generator_c.dir/rosidl_generator_c/turtlebot4_msgs/msg/detail/user_display__functions.c.o[0m
[3.926s] [ 20%] [32mBuilding C object CMakeFiles/turtlebot4_msgs__rosidl_generator_c.dir/rosidl_generator_c/turtlebot4_msgs/msg/detail/user_display__type_support.c.o[0m
[3.926s] [ 22%] [32mBuilding C object CMakeFiles/turtlebot4_msgs__rosidl_generator_c.dir/rosidl_generator_c/turtlebot4_msgs/msg/detail/user_button__description.c.o[0m
[3.990s] [ 24%] [32m[1mLinking C shared library libturtlebot4_msgs__rosidl_generator_c.so[0m
[4.028s] [ 24%] Built target turtlebot4_msgs__rosidl_generator_c
[4.040s] [ 29%] [34m[1mGenerating C++ type support for eProsima Fast-RTPS[0m
[4.040s] [ 29%] [34m[1mGenerating C++ type support dispatch for ROS interfaces[0m
[4.040s] [ 29%] [34m[1mGenerating C introspection for ROS interfaces[0m
[4.042s] [ 31%] [34m[1mGenerating C type support dispatch for ROS interfaces[0m
[4.043s] [ 35%] [34m[1mGenerating C type support for eProsima Fast-RTPS[0m
[4.043s] [ 35%] [34m[1mGenerating C++ introspection for ROS interfaces[0m
[4.387s] [ 38%] [32mBuilding CXX object CMakeFiles/turtlebot4_msgs__rosidl_typesupport_cpp.dir/rosidl_typesupport_cpp/turtlebot4_msgs/msg/user_button__type_support.cpp.o[0m
[4.388s] [ 38%] [32mBuilding CXX object CMakeFiles/turtlebot4_msgs__rosidl_typesupport_cpp.dir/rosidl_typesupport_cpp/turtlebot4_msgs/msg/user_led__type_support.cpp.o[0m
[4.388s] [ 40%] [32mBuilding CXX object CMakeFiles/turtlebot4_msgs__rosidl_typesupport_cpp.dir/rosidl_typesupport_cpp/turtlebot4_msgs/msg/user_display__type_support.cpp.o[0m
[4.435s] [ 42%] [32mBuilding C object CMakeFiles/turtlebot4_msgs__rosidl_typesupport_introspection_c.dir/rosidl_typesupport_introspection_c/turtlebot4_msgs/msg/detail/user_led__type_support.c.o[0m
[4.435s] [ 46%] [32mBuilding C object CMakeFiles/turtlebot4_msgs__rosidl_typesupport_introspection_c.dir/rosidl_typesupport_introspection_c/turtlebot4_msgs/msg/detail/user_display__type_support.c.o[0m
[4.435s] [ 46%] [32mBuilding C object CMakeFiles/turtlebot4_msgs__rosidl_typesupport_introspection_c.dir/rosidl_typesupport_introspection_c/turtlebot4_msgs/msg/detail/user_button__type_support.c.o[0m
[4.499s] [ 48%] [32m[1mLinking C shared library libturtlebot4_msgs__rosidl_typesupport_introspection_c.so[0m
[4.521s] [ 50%] [32mBuilding CXX object CMakeFiles/turtlebot4_msgs__rosidl_typesupport_fastrtps_cpp.dir/rosidl_typesupport_fastrtps_cpp/turtlebot4_msgs/msg/detail/dds_fastrtps/user_led__type_support.cpp.o[0m
[4.523s] [ 51%] [32mBuilding CXX object CMakeFiles/turtlebot4_msgs__rosidl_typesupport_fastrtps_cpp.dir/rosidl_typesupport_fastrtps_cpp/turtlebot4_msgs/msg/detail/dds_fastrtps/user_button__type_support.cpp.o[0m
[4.523s] [ 53%] [32mBuilding CXX object CMakeFiles/turtlebot4_msgs__rosidl_typesupport_fastrtps_cpp.dir/rosidl_typesupport_fastrtps_cpp/turtlebot4_msgs/msg/detail/dds_fastrtps/user_display__type_support.cpp.o[0m
[4.547s] [ 53%] Built target turtlebot4_msgs__rosidl_typesupport_introspection_c
[4.628s] [ 57%] [32mBuilding CXX object CMakeFiles/turtlebot4_msgs__rosidl_typesupport_c.dir/rosidl_typesupport_c/turtlebot4_msgs/msg/user_led__type_support.cpp.o[0m
[4.628s] [ 57%] [32mBuilding CXX object CMakeFiles/turtlebot4_msgs__rosidl_typesupport_c.dir/rosidl_typesupport_c/turtlebot4_msgs/msg/user_display__type_support.cpp.o[0m
[4.634s] [ 59%] [32mBuilding CXX object CMakeFiles/turtlebot4_msgs__rosidl_typesupport_c.dir/rosidl_typesupport_c/turtlebot4_msgs/msg/user_button__type_support.cpp.o[0m
[4.707s] [ 61%] [32mBuilding CXX object CMakeFiles/turtlebot4_msgs__rosidl_typesupport_introspection_cpp.dir/rosidl_typesupport_introspection_cpp/turtlebot4_msgs/msg/detail/user_button__type_support.cpp.o[0m
[4.707s] [ 62%] [32mBuilding CXX object CMakeFiles/turtlebot4_msgs__rosidl_typesupport_introspection_cpp.dir/rosidl_typesupport_introspection_cpp/turtlebot4_msgs/msg/detail/user_led__type_support.cpp.o[0m
[4.721s] [ 64%] [32mBuilding CXX object CMakeFiles/turtlebot4_msgs__rosidl_typesupport_introspection_cpp.dir/rosidl_typesupport_introspection_cpp/turtlebot4_msgs/msg/detail/user_display__type_support.cpp.o[0m
[4.723s] [ 66%] [32m[1mLinking CXX shared library libturtlebot4_msgs__rosidl_typesupport_c.so[0m
[4.843s] [ 66%] Built target turtlebot4_msgs__rosidl_typesupport_c
[4.855s] [ 68%] [32mBuilding CXX object CMakeFiles/turtlebot4_msgs__rosidl_typesupport_fastrtps_c.dir/rosidl_typesupport_fastrtps_c/turtlebot4_msgs/msg/detail/user_led__type_support_c.cpp.o[0m
[4.855s] [ 70%] [32mBuilding CXX object CMakeFiles/turtlebot4_msgs__rosidl_typesupport_fastrtps_c.dir/rosidl_typesupport_fastrtps_c/turtlebot4_msgs/msg/detail/user_button__type_support_c.cpp.o[0m
[4.857s] [ 72%] [32mBuilding CXX object CMakeFiles/turtlebot4_msgs__rosidl_typesupport_fastrtps_c.dir/rosidl_typesupport_fastrtps_c/turtlebot4_msgs/msg/detail/user_display__type_support_c.cpp.o[0m
[4.874s] [ 74%] [32m[1mLinking CXX shared library libturtlebot4_msgs__rosidl_typesupport_cpp.so[0m
[4.938s] [ 74%] Built target turtlebot4_msgs__rosidl_typesupport_cpp
[5.234s] [ 75%] [32m[1mLinking CXX shared library libturtlebot4_msgs__rosidl_typesupport_introspection_cpp.so[0m
[5.265s] [ 77%] [32m[1mLinking CXX shared library libturtlebot4_msgs__rosidl_typesupport_fastrtps_cpp.so[0m
[5.320s] [ 77%] Built target turtlebot4_msgs__rosidl_typesupport_introspection_cpp
[5.354s] [ 77%] Built target turtlebot4_msgs__rosidl_typesupport_fastrtps_cpp
[5.496s] [ 79%] [32m[1mLinking CXX shared library libturtlebot4_msgs__rosidl_typesupport_fastrtps_c.so[0m
[5.573s] [ 79%] Built target turtlebot4_msgs__rosidl_typesupport_fastrtps_c
[5.594s] [ 79%] Built target turtlebot4_msgs
[5.616s] [ 81%] [34m[1mGenerating Python code for ROS interfaces[0m
[6.208s] [ 81%] Built target turtlebot4_msgs__py
[6.230s] [ 87%] [32mBuilding C object CMakeFiles/turtlebot4_msgs__rosidl_generator_py.dir/rosidl_generator_py/turtlebot4_msgs/msg/_user_display_s.c.o[0m
[6.230s] [ 87%] [32mBuilding C object CMakeFiles/turtlebot4_msgs__rosidl_generator_py.dir/rosidl_generator_py/turtlebot4_msgs/msg/_user_button_s.c.o[0m
[6.230s] [ 87%] [32mBuilding C object CMakeFiles/turtlebot4_msgs__rosidl_generator_py.dir/rosidl_generator_py/turtlebot4_msgs/msg/_user_led_s.c.o[0m
[6.375s] [ 88%] [32m[1mLinking C shared library libturtlebot4_msgs__rosidl_generator_py.so[0m
[6.415s] [ 88%] Built target turtlebot4_msgs__rosidl_generator_py
[6.436s] [ 90%] [32mBuilding C object CMakeFiles/turtlebot4_msgs_s__rosidl_typesupport_fastrtps_c.dir/rosidl_generator_py/turtlebot4_msgs/_turtlebot4_msgs_s.ep.rosidl_typesupport_fastrtps_c.c.o[0m
[6.436s] [ 92%] [32mBuilding C object CMakeFiles/turtlebot4_msgs_s__rosidl_typesupport_introspection_c.dir/rosidl_generator_py/turtlebot4_msgs/_turtlebot4_msgs_s.ep.rosidl_typesupport_introspection_c.c.o[0m
[6.437s] [ 94%] [32mBuilding C object CMakeFiles/turtlebot4_msgs_s__rosidl_typesupport_c.dir/rosidl_generator_py/turtlebot4_msgs/_turtlebot4_msgs_s.ep.rosidl_typesupport_c.c.o[0m
[6.542s] [ 96%] [32m[1mLinking C shared module rosidl_generator_py/turtlebot4_msgs/turtlebot4_msgs_s__rosidl_typesupport_c.so[0m
[6.542s] [ 98%] [32m[1mLinking C shared module rosidl_generator_py/turtlebot4_msgs/turtlebot4_msgs_s__rosidl_typesupport_introspection_c.so[0m
[6.546s] [100%] [32m[1mLinking C shared module rosidl_generator_py/turtlebot4_msgs/turtlebot4_msgs_s__rosidl_typesupport_fastrtps_c.so[0m
[6.574s] [100%] Built target turtlebot4_msgs_s__rosidl_typesupport_introspection_c
[6.574s] [100%] Built target turtlebot4_msgs_s__rosidl_typesupport_c
[6.579s] [100%] Built target turtlebot4_msgs_s__rosidl_typesupport_fastrtps_c
[6.592s] Invoked command in '/home/blancjh/Desktop/ROS2-projects/Basic-ROS2-TurtleBot3-Manual-Control/Basic-ROS2-TurtleBot3-Manual-Control/build/turtlebot4_msgs' returned '0': CMAKE_PREFIX_PATH=${CMAKE_PREFIX_PATH}:/opt/ros/jazzy DEBUGINFOD_URLS=https://debuginfod.ubuntu.com /usr/bin/cmake --build /home/blancjh/Desktop/ROS2-projects/Basic-ROS2-TurtleBot3-Manual-Control/Basic-ROS2-TurtleBot3-Manual-Control/build/turtlebot4_msgs -- -j12 -l12
[6.594s] Invoking command in '/home/blancjh/Desktop/ROS2-projects/Basic-ROS2-TurtleBot3-Manual-Control/Basic-ROS2-TurtleBot3-Manual-Control/build/turtlebot4_msgs': CMAKE_PREFIX_PATH=${CMAKE_PREFIX_PATH}:/opt/ros/jazzy DEBUGINFOD_URLS=https://debuginfod.ubuntu.com /usr/bin/cmake --install /home/blancjh/Desktop/ROS2-projects/Basic-ROS2-TurtleBot3-Manual-Control/Basic-ROS2-TurtleBot3-Manual-Control/build/turtlebot4_msgs
[6.602s] -- Install configuration: ""
[6.603s] -- Installing: /home/blancjh/Desktop/ROS2-projects/Basic-ROS2-TurtleBot3-Manual-Control/Basic-ROS2-TurtleBot3-Manual-Control/install/turtlebot4_msgs/share/ament_index/resource_index/rosidl_interfaces/turtlebot4_msgs
[6.603s] -- Installing: /home/blancjh/Desktop/ROS2-projects/Basic-ROS2-TurtleBot3-Manual-Control/Basic-ROS2-TurtleBot3-Manual-Control/install/turtlebot4_msgs/share/turtlebot4_msgs/msg/UserLed.json
[6.603s] -- Installing: /home/blancjh/Desktop/ROS2-projects/Basic-ROS2-TurtleBot3-Manual-Control/Basic-ROS2-TurtleBot3-Manual-Control/install/turtlebot4_msgs/share/turtlebot4_msgs/msg/UserButton.json
[6.603s] -- Installing: /home/blancjh/Desktop/ROS2-projects/Basic-ROS2-TurtleBot3-Manual-Control/Basic-ROS2-TurtleBot3-Manual-Control/install/turtlebot4_msgs/share/turtlebot4_msgs/msg/UserDisplay.json
[6.603s] -- Installing: /home/blancjh/Desktop/ROS2-projects/Basic-ROS2-TurtleBot3-Manual-Control/Basic-ROS2-TurtleBot3-Manual-Control/install/turtlebot4_msgs/include/turtlebot4_msgs/turtlebot4_msgs
[6.603s] -- Installing: /home/blancjh/Desktop/ROS2-projects/Basic-ROS2-TurtleBot3-Manual-Control/Basic-ROS2-TurtleBot3-Manual-Control/install/turtlebot4_msgs/include/turtlebot4_msgs/turtlebot4_msgs/msg
[6.603s] -- Installing: /home/blancjh/Desktop/ROS2-projects/Basic-ROS2-TurtleBot3-Manual-Control/Basic-ROS2-TurtleBot3-Manual-Control/install/turtlebot4_msgs/include/turtlebot4_msgs/turtlebot4_msgs/msg/user_button.h
[6.604s] -- Installing: /home/blancjh/Desktop/ROS2-projects/Basic-ROS2-TurtleBot3-Manual-Control/Basic-ROS2-TurtleBot3-Manual-Control/install/turtlebot4_msgs/include/turtlebot4_msgs/turtlebot4_msgs/msg/rosidl_generator_c__visibility_control.h
[6.604s] -- Installing: /home/blancjh/Desktop/ROS2-projects/Basic-ROS2-TurtleBot3-Manual-Control/Basic-ROS2-TurtleBot3-Manual-Control/install/turtlebot4_msgs/include/turtlebot4_msgs/turtlebot4_msgs/msg/user_display.h
[6.604s] -- Installing: /home/blancjh/Desktop/ROS2-projects/Basic-ROS2-TurtleBot3-Manual-Control/Basic-ROS2-TurtleBot3-Manual-Control/install/turtlebot4_msgs/include/turtlebot4_msgs/turtlebot4_msgs/msg/detail
[6.604s] -- Installing: /home/blancjh/Desktop/ROS2-projects/Basic-ROS2-TurtleBot3-Manual-Control/Basic-ROS2-TurtleBot3-Manual-Control/install/turtlebot4_msgs/include/turtlebot4_msgs/turtlebot4_msgs/msg/detail/user_display__description.c
[6.604s] -- Installing: /home/blancjh/Desktop/ROS2-projects/Basic-ROS2-TurtleBot3-Manual-Control/Basic-ROS2-TurtleBot3-Manual-Control/install/turtlebot4_msgs/include/turtlebot4_msgs/turtlebot4_msgs/msg/detail/user_button__functions.c
[6.604s] -- Installing: /home/blancjh/Desktop/ROS2-projects/Basic-ROS2-TurtleBot3-Manual-Control/Basic-ROS2-TurtleBot3-Manual-Control/install/turtlebot4_msgs/include/turtlebot4_msgs/turtlebot4_msgs/msg/detail/user_display__type_support.c
[6.604s] -- Installing: /home/blancjh/Desktop/ROS2-projects/Basic-ROS2-TurtleBot3-Manual-Control/Basic-ROS2-TurtleBot3-Manual-Control/install/turtlebot4_msgs/include/turtlebot4_msgs/turtlebot4_msgs/msg/detail/user_led__type_support.c
[6.604s] -- Installing: /home/blancjh/Desktop/ROS2-projects/Basic-ROS2-TurtleBot3-Manual-Control/Basic-ROS2-TurtleBot3-Manual-Control/install/turtlebot4_msgs/include/turtlebot4_msgs/turtlebot4_msgs/msg/detail/user_led__functions.h
[6.604s] -- Installing: /home/blancjh/Desktop/ROS2-projects/Basic-ROS2-TurtleBot3-Manual-Control/Basic-ROS2-TurtleBot3-Manual-Control/install/turtlebot4_msgs/include/turtlebot4_msgs/turtlebot4_msgs/msg/detail/user_led__functions.c
[6.604s] -- Installing: /home/blancjh/Desktop/ROS2-projects/Basic-ROS2-TurtleBot3-Manual-Control/Basic-ROS2-TurtleBot3-Manual-Control/install/turtlebot4_msgs/include/turtlebot4_msgs/turtlebot4_msgs/msg/detail/user_led__type_support.h
[6.605s] -- Installing: /home/blancjh/Desktop/ROS2-projects/Basic-ROS2-TurtleBot3-Manual-Control/Basic-ROS2-TurtleBot3-Manual-Control/install/turtlebot4_msgs/include/turtlebot4_msgs/turtlebot4_msgs/msg/detail/user_button__type_support.h
[6.605s] -- Installing: /home/blancjh/Desktop/ROS2-projects/Basic-ROS2-TurtleBot3-Manual-Control/Basic-ROS2-TurtleBot3-Manual-Control/install/turtlebot4_msgs/include/turtlebot4_msgs/turtlebot4_msgs/msg/detail/user_button__functions.h
[6.605s] -- Installing: /home/blancjh/Desktop/ROS2-projects/Basic-ROS2-TurtleBot3-Manual-Control/Basic-ROS2-TurtleBot3-Manual-Control/install/turtlebot4_msgs/include/turtlebot4_msgs/turtlebot4_msgs/msg/detail/user_button__description.c
[6.605s] -- Installing: /home/blancjh/Desktop/ROS2-projects/Basic-ROS2-TurtleBot3-Manual-Control/Basic-ROS2-TurtleBot3-Manual-Control/install/turtlebot4_msgs/include/turtlebot4_msgs/turtlebot4_msgs/msg/detail/user_display__type_support.h
[6.605s] -- Installing: /home/blancjh/Desktop/ROS2-projects/Basic-ROS2-TurtleBot3-Manual-Control/Basic-ROS2-TurtleBot3-Manual-Control/install/turtlebot4_msgs/include/turtlebot4_msgs/turtlebot4_msgs/msg/detail/user_display__functions.h
[6.605s] -- Installing: /home/blancjh/Desktop/ROS2-projects/Basic-ROS2-TurtleBot3-Manual-Control/Basic-ROS2-TurtleBot3-Manual-Control/install/turtlebot4_msgs/include/turtlebot4_msgs/turtlebot4_msgs/msg/detail/user_led__struct.h
[6.605s] -- Installing: /home/blancjh/Desktop/ROS2-projects/Basic-ROS2-TurtleBot3-Manual-Control/Basic-ROS2-TurtleBot3-Manual-Control/install/turtlebot4_msgs/include/turtlebot4_msgs/turtlebot4_msgs/msg/detail/user_button__type_support.c
[6.605s] -- Installing: /home/blancjh/Desktop/ROS2-projects/Basic-ROS2-TurtleBot3-Manual-Control/Basic-ROS2-TurtleBot3-Manual-Control/install/turtlebot4_msgs/include/turtlebot4_msgs/turtlebot4_msgs/msg/detail/user_display__struct.h
[6.605s] -- Installing: /home/blancjh/Desktop/ROS2-projects/Basic-ROS2-TurtleBot3-Manual-Control/Basic-ROS2-TurtleBot3-Manual-Control/install/turtlebot4_msgs/include/turtlebot4_msgs/turtlebot4_msgs/msg/detail/user_led__description.c
[6.606s] -- Installing: /home/blancjh/Desktop/ROS2-projects/Basic-ROS2-TurtleBot3-Manual-Control/Basic-ROS2-TurtleBot3-Manual-Control/install/turtlebot4_msgs/include/turtlebot4_msgs/turtlebot4_msgs/msg/detail/user_button__struct.h
[6.606s] -- Installing: /home/blancjh/Desktop/ROS2-projects/Basic-ROS2-TurtleBot3-Manual-Control/Basic-ROS2-TurtleBot3-Manual-Control/install/turtlebot4_msgs/include/turtlebot4_msgs/turtlebot4_msgs/msg/detail/user_display__functions.c
[6.606s] -- Installing: /home/blancjh/Desktop/ROS2-projects/Basic-ROS2-TurtleBot3-Manual-Control/Basic-ROS2-TurtleBot3-Manual-Control/install/turtlebot4_msgs/include/turtlebot4_msgs/turtlebot4_msgs/msg/user_led.h
[6.606s] -- Installing: /home/blancjh/Desktop/ROS2-projects/Basic-ROS2-TurtleBot3-Manual-Control/Basic-ROS2-TurtleBot3-Manual-Control/install/turtlebot4_msgs/share/turtlebot4_msgs/environment/library_path.sh
[6.606s] -- Installing: /home/blancjh/Desktop/ROS2-projects/Basic-ROS2-TurtleBot3-Manual-Control/Basic-ROS2-TurtleBot3-Manual-Control/install/turtlebot4_msgs/share/turtlebot4_msgs/environment/library_path.dsv
[6.606s] -- Installing: /home/blancjh/Desktop/ROS2-projects/Basic-ROS2-TurtleBot3-Manual-Control/Basic-ROS2-TurtleBot3-Manual-Control/install/turtlebot4_msgs/lib/libturtlebot4_msgs__rosidl_generator_c.so
[6.607s] -- Set non-toolchain portion of runtime path of "/home/blancjh/Desktop/ROS2-projects/Basic-ROS2-TurtleBot3-Manual-Control/Basic-ROS2-TurtleBot3-Manual-Control/install/turtlebot4_msgs/lib/libturtlebot4_msgs__rosidl_generator_c.so" to ""
[6.607s] -- Up-to-date: /home/blancjh/Desktop/ROS2-projects/Basic-ROS2-TurtleBot3-Manual-Control/Basic-ROS2-TurtleBot3-Manual-Control/install/turtlebot4_msgs/include/turtlebot4_msgs/turtlebot4_msgs
[6.607s] -- Up-to-date: /home/blancjh/Desktop/ROS2-projects/Basic-ROS2-TurtleBot3-Manual-Control/Basic-ROS2-TurtleBot3-Manual-Control/install/turtlebot4_msgs/include/turtlebot4_msgs/turtlebot4_msgs/msg
[6.607s] -- Installing: /home/blancjh/Desktop/ROS2-projects/Basic-ROS2-TurtleBot3-Manual-Control/Basic-ROS2-TurtleBot3-Manual-Control/install/turtlebot4_msgs/include/turtlebot4_msgs/turtlebot4_msgs/msg/rosidl_typesupport_fastrtps_c__visibility_control.h
[6.607s] -- Up-to-date: /home/blancjh/Desktop/ROS2-projects/Basic-ROS2-TurtleBot3-Manual-Control/Basic-ROS2-TurtleBot3-Manual-Control/install/turtlebot4_msgs/include/turtlebot4_msgs/turtlebot4_msgs/msg/detail
[6.607s] -- Installing: /home/blancjh/Desktop/ROS2-projects/Basic-ROS2-TurtleBot3-Manual-Control/Basic-ROS2-TurtleBot3-Manual-Control/install/turtlebot4_msgs/include/turtlebot4_msgs/turtlebot4_msgs/msg/detail/user_led__rosidl_typesupport_fastrtps_c.h
[6.607s] -- Installing: /home/blancjh/Desktop/ROS2-projects/Basic-ROS2-TurtleBot3-Manual-Control/Basic-ROS2-TurtleBot3-Manual-Control/install/turtlebot4_msgs/include/turtlebot4_msgs/turtlebot4_msgs/msg/detail/user_display__rosidl_typesupport_fastrtps_c.h
[6.607s] -- Installing: /home/blancjh/Desktop/ROS2-projects/Basic-ROS2-TurtleBot3-Manual-Control/Basic-ROS2-TurtleBot3-Manual-Control/install/turtlebot4_msgs/include/turtlebot4_msgs/turtlebot4_msgs/msg/detail/user_button__rosidl_typesupport_fastrtps_c.h
[6.608s] -- Installing: /home/blancjh/Desktop/ROS2-projects/Basic-ROS2-TurtleBot3-Manual-Control/Basic-ROS2-TurtleBot3-Manual-Control/install/turtlebot4_msgs/lib/libturtlebot4_msgs__rosidl_typesupport_fastrtps_c.so
[6.608s] -- Set non-toolchain portion of runtime path of "/home/blancjh/Desktop/ROS2-projects/Basic-ROS2-TurtleBot3-Manual-Control/Basic-ROS2-TurtleBot3-Manual-Control/install/turtlebot4_msgs/lib/libturtlebot4_msgs__rosidl_typesupport_fastrtps_c.so" to ""
[6.608s] -- Up-to-date: /home/blancjh/Desktop/ROS2-projects/Basic-ROS2-TurtleBot3-Manual-Control/Basic-ROS2-TurtleBot3-Manual-Control/install/turtlebot4_msgs/include/turtlebot4_msgs/turtlebot4_msgs
[6.608s] -- Up-to-date: /home/blancjh/Desktop/ROS2-projects/Basic-ROS2-TurtleBot3-Manual-Control/Basic-ROS2-TurtleBot3-Manual-Control/install/turtlebot4_msgs/include/turtlebot4_msgs/turtlebot4_msgs/msg
[6.608s] -- Installing: /home/blancjh/Desktop/ROS2-projects/Basic-ROS2-TurtleBot3-Manual-Control/Basic-ROS2-TurtleBot3-Manual-Control/install/turtlebot4_msgs/include/turtlebot4_msgs/turtlebot4_msgs/msg/rosidl_typesupport_introspection_c__visibility_control.h
[6.608s] -- Up-to-date: /home/blancjh/Desktop/ROS2-projects/Basic-ROS2-TurtleBot3-Manual-Control/Basic-ROS2-TurtleBot3-Manual-Control/install/turtlebot4_msgs/include/turtlebot4_msgs/turtlebot4_msgs/msg/detail
[6.608s] -- Installing: /home/blancjh/Desktop/ROS2-projects/Basic-ROS2-TurtleBot3-Manual-Control/Basic-ROS2-TurtleBot3-Manual-Control/install/turtlebot4_msgs/include/turtlebot4_msgs/turtlebot4_msgs/msg/detail/user_display__rosidl_typesupport_introspection_c.h
[6.608s] -- Installing: /home/blancjh/Desktop/ROS2-projects/Basic-ROS2-TurtleBot3-Manual-Control/Basic-ROS2-TurtleBot3-Manual-Control/install/turtlebot4_msgs/include/turtlebot4_msgs/turtlebot4_msgs/msg/detail/user_display__type_support.c
[6.608s] -- Installing: /home/blancjh/Desktop/ROS2-projects/Basic-ROS2-TurtleBot3-Manual-Control/Basic-ROS2-TurtleBot3-Manual-Control/install/turtlebot4_msgs/include/turtlebot4_msgs/turtlebot4_msgs/msg/detail/user_led__type_support.c
[6.609s] -- Installing: /home/blancjh/Desktop/ROS2-projects/Basic-ROS2-TurtleBot3-Manual-Control/Basic-ROS2-TurtleBot3-Manual-Control/install/turtlebot4_msgs/include/turtlebot4_msgs/turtlebot4_msgs/msg/detail/user_led__rosidl_typesupport_introspection_c.h
[6.609s] -- Installing: /home/blancjh/Desktop/ROS2-projects/Basic-ROS2-TurtleBot3-Manual-Control/Basic-ROS2-TurtleBot3-Manual-Control/install/turtlebot4_msgs/include/turtlebot4_msgs/turtlebot4_msgs/msg/detail/user_button__type_support.c
[6.609s] -- Installing: /home/blancjh/Desktop/ROS2-projects/Basic-ROS2-TurtleBot3-Manual-Control/Basic-ROS2-TurtleBot3-Manual-Control/install/turtlebot4_msgs/include/turtlebot4_msgs/turtlebot4_msgs/msg/detail/user_button__rosidl_typesupport_introspection_c.h
[6.609s] -- Installing: /home/blancjh/Desktop/ROS2-projects/Basic-ROS2-TurtleBot3-Manual-Control/Basic-ROS2-TurtleBot3-Manual-Control/install/turtlebot4_msgs/lib/libturtlebot4_msgs__rosidl_typesupport_introspection_c.so
[6.609s] -- Set non-toolchain portion of runtime path of "/home/blancjh/Desktop/ROS2-projects/Basic-ROS2-TurtleBot3-Manual-Control/Basic-ROS2-TurtleBot3-Manual-Control/install/turtlebot4_msgs/lib/libturtlebot4_msgs__rosidl_typesupport_introspection_c.so" to ""
[6.609s] -- Installing: /home/blancjh/Desktop/ROS2-projects/Basic-ROS2-TurtleBot3-Manual-Control/Basic-ROS2-TurtleBot3-Manual-Control/install/turtlebot4_msgs/lib/libturtlebot4_msgs__rosidl_typesupport_c.so
[6.610s] -- Set non-toolchain portion of runtime path of "/home/blancjh/Desktop/ROS2-projects/Basic-ROS2-TurtleBot3-Manual-Control/Basic-ROS2-TurtleBot3-Manual-Control/install/turtlebot4_msgs/lib/libturtlebot4_msgs__rosidl_typesupport_c.so" to ""
[6.610s] -- Up-to-date: /home/blancjh/Desktop/ROS2-projects/Basic-ROS2-TurtleBot3-Manual-Control/Basic-ROS2-TurtleBot3-Manual-Control/install/turtlebot4_msgs/include/turtlebot4_msgs/turtlebot4_msgs
[6.610s] -- Up-to-date: /home/blancjh/Desktop/ROS2-projects/Basic-ROS2-TurtleBot3-Manual-Control/Basic-ROS2-TurtleBot3-Manual-Control/install/turtlebot4_msgs/include/turtlebot4_msgs/turtlebot4_msgs/msg
[6.610s] -- Installing: /home/blancjh/Desktop/ROS2-projects/Basic-ROS2-TurtleBot3-Manual-Control/Basic-ROS2-TurtleBot3-Manual-Control/install/turtlebot4_msgs/include/turtlebot4_msgs/turtlebot4_msgs/msg/user_button.hpp
[6.610s] -- Installing: /home/blancjh/Desktop/ROS2-projects/Basic-ROS2-TurtleBot3-Manual-Control/Basic-ROS2-TurtleBot3-Manual-Control/install/turtlebot4_msgs/include/turtlebot4_msgs/turtlebot4_msgs/msg/user_led.hpp
[6.610s] -- Installing: /home/blancjh/Desktop/ROS2-projects/Basic-ROS2-TurtleBot3-Manual-Control/Basic-ROS2-TurtleBot3-Manual-Control/install/turtlebot4_msgs/include/turtlebot4_msgs/turtlebot4_msgs/msg/user_display.hpp
[6.610s] -- Installing: /home/blancjh/Desktop/ROS2-projects/Basic-ROS2-TurtleBot3-Manual-Control/Basic-ROS2-TurtleBot3-Manual-Control/install/turtlebot4_msgs/include/turtlebot4_msgs/turtlebot4_msgs/msg/rosidl_generator_cpp__visibility_control.hpp
[6.610s] -- Up-to-date: /home/blancjh/Desktop/ROS2-projects/Basic-ROS2-TurtleBot3-Manual-Control/Basic-ROS2-TurtleBot3-Manual-Control/install/turtlebot4_msgs/include/turtlebot4_msgs/turtlebot4_msgs/msg/detail
[6.610s] -- Installing: /home/blancjh/Desktop/ROS2-projects/Basic-ROS2-TurtleBot3-Manual-Control/Basic-ROS2-TurtleBot3-Manual-Control/install/turtlebot4_msgs/include/turtlebot4_msgs/turtlebot4_msgs/msg/detail/user_display__type_support.hpp
[6.610s] -- Installing: /home/blancjh/Desktop/ROS2-projects/Basic-ROS2-TurtleBot3-Manual-Control/Basic-ROS2-TurtleBot3-Manual-Control/install/turtlebot4_msgs/include/turtlebot4_msgs/turtlebot4_msgs/msg/detail/user_button__traits.hpp
[6.611s] -- Installing: /home/blancjh/Desktop/ROS2-projects/Basic-ROS2-TurtleBot3-Manual-Control/Basic-ROS2-TurtleBot3-Manual-Control/install/turtlebot4_msgs/include/turtlebot4_msgs/turtlebot4_msgs/msg/detail/user_button__builder.hpp
[6.611s] -- Installing: /home/blancjh/Desktop/ROS2-projects/Basic-ROS2-TurtleBot3-Manual-Control/Basic-ROS2-TurtleBot3-Manual-Control/install/turtlebot4_msgs/include/turtlebot4_msgs/turtlebot4_msgs/msg/detail/user_led__type_support.hpp
[6.611s] -- Installing: /home/blancjh/Desktop/ROS2-projects/Basic-ROS2-TurtleBot3-Manual-Control/Basic-ROS2-TurtleBot3-Manual-Control/install/turtlebot4_msgs/include/turtlebot4_msgs/turtlebot4_msgs/msg/detail/user_display__struct.hpp
[6.611s] -- Installing: /home/blancjh/Desktop/ROS2-projects/Basic-ROS2-TurtleBot3-Manual-Control/Basic-ROS2-TurtleBot3-Manual-Control/install/turtlebot4_msgs/include/turtlebot4_msgs/turtlebot4_msgs/msg/detail/user_display__traits.hpp
[6.611s] -- Installing: /home/blancjh/Desktop/ROS2-projects/Basic-ROS2-TurtleBot3-Manual-Control/Basic-ROS2-TurtleBot3-Manual-Control/install/turtlebot4_msgs/include/turtlebot4_msgs/turtlebot4_msgs/msg/detail/user_button__struct.hpp
[6.611s] -- Installing: /home/blancjh/Desktop/ROS2-projects/Basic-ROS2-TurtleBot3-Manual-Control/Basic-ROS2-TurtleBot3-Manual-Control/install/turtlebot4_msgs/include/turtlebot4_msgs/turtlebot4_msgs/msg/detail/user_led__builder.hpp
[6.611s] -- Installing: /home/blancjh/Desktop/ROS2-projects/Basic-ROS2-TurtleBot3-Manual-Control/Basic-ROS2-TurtleBot3-Manual-Control/install/turtlebot4_msgs/include/turtlebot4_msgs/turtlebot4_msgs/msg/detail/user_button__type_support.hpp
[6.611s] -- Installing: /home/blancjh/Desktop/ROS2-projects/Basic-ROS2-TurtleBot3-Manual-Control/Basic-ROS2-TurtleBot3-Manual-Control/install/turtlebot4_msgs/include/turtlebot4_msgs/turtlebot4_msgs/msg/detail/user_led__traits.hpp
[6.611s] -- Installing: /home/blancjh/Desktop/ROS2-projects/Basic-ROS2-TurtleBot3-Manual-Control/Basic-ROS2-TurtleBot3-Manual-Control/install/turtlebot4_msgs/include/turtlebot4_msgs/turtlebot4_msgs/msg/detail/user_led__struct.hpp
[6.612s] -- Installing: /home/blancjh/Desktop/ROS2-projects/Basic-ROS2-TurtleBot3-Manual-Control/Basic-ROS2-TurtleBot3-Manual-Control/install/turtlebot4_msgs/include/turtlebot4_msgs/turtlebot4_msgs/msg/detail/user_display__builder.hpp
[6.612s] -- Up-to-date: /home/blancjh/Desktop/ROS2-projects/Basic-ROS2-TurtleBot3-Manual-Control/Basic-ROS2-TurtleBot3-Manual-Control/install/turtlebot4_msgs/include/turtlebot4_msgs/turtlebot4_msgs
[6.612s] -- Up-to-date: /home/blancjh/Desktop/ROS2-projects/Basic-ROS2-TurtleBot3-Manual-Control/Basic-ROS2-TurtleBot3-Manual-Control/install/turtlebot4_msgs/include/turtlebot4_msgs/turtlebot4_msgs/msg
[6.612s] -- Installing: /home/blancjh/Desktop/ROS2-projects/Basic-ROS2-TurtleBot3-Manual-Control/Basic-ROS2-TurtleBot3-Manual-Control/install/turtlebot4_msgs/include/turtlebot4_msgs/turtlebot4_msgs/msg/rosidl_typesupport_fastrtps_cpp__visibility_control.h
[6.612s] -- Up-to-date: /home/blancjh/Desktop/ROS2-projects/Basic-ROS2-TurtleBot3-Manual-Control/Basic-ROS2-TurtleBot3-Manual-Control/install/turtlebot4_msgs/include/turtlebot4_msgs/turtlebot4_msgs/msg/detail
[6.612s] -- Installing: /home/blancjh/Desktop/ROS2-projects/Basic-ROS2-TurtleBot3-Manual-Control/Basic-ROS2-TurtleBot3-Manual-Control/install/turtlebot4_msgs/include/turtlebot4_msgs/turtlebot4_msgs/msg/detail/user_display__rosidl_typesupport_fastrtps_cpp.hpp
[6.612s] -- Installing: /home/blancjh/Desktop/ROS2-projects/Basic-ROS2-TurtleBot3-Manual-Control/Basic-ROS2-TurtleBot3-Manual-Control/install/turtlebot4_msgs/include/turtlebot4_msgs/turtlebot4_msgs/msg/detail/user_led__rosidl_typesupport_fastrtps_cpp.hpp
[6.612s] -- Installing: /home/blancjh/Desktop/ROS2-projects/Basic-ROS2-TurtleBot3-Manual-Control/Basic-ROS2-TurtleBot3-Manual-Control/install/turtlebot4_msgs/include/turtlebot4_msgs/turtlebot4_msgs/msg/detail/user_button__rosidl_typesupport_fastrtps_cpp.hpp
[6.612s] -- Installing: /home/blancjh/Desktop/ROS2-projects/Basic-ROS2-TurtleBot3-Manual-Control/Basic-ROS2-TurtleBot3-Manual-Control/install/turtlebot4_msgs/include/turtlebot4_msgs/turtlebot4_msgs/msg/detail/dds_fastrtps
[6.613s] -- Installing: /home/blancjh/Desktop/ROS2-projects/Basic-ROS2-TurtleBot3-Manual-Control/Basic-ROS2-TurtleBot3-Manual-Control/install/turtlebot4_msgs/lib/libturtlebot4_msgs__rosidl_typesupport_fastrtps_cpp.so
[6.613s] -- Set non-toolchain portion of runtime path of "/home/blancjh/Desktop/ROS2-projects/Basic-ROS2-TurtleBot3-Manual-Control/Basic-ROS2-TurtleBot3-Manual-Control/install/turtlebot4_msgs/lib/libturtlebot4_msgs__rosidl_typesupport_fastrtps_cpp.so" to ""
[6.613s] -- Up-to-date: /home/blancjh/Desktop/ROS2-projects/Basic-ROS2-TurtleBot3-Manual-Control/Basic-ROS2-TurtleBot3-Manual-Control/install/turtlebot4_msgs/include/turtlebot4_msgs/turtlebot4_msgs
[6.613s] -- Up-to-date: /home/blancjh/Desktop/ROS2-projects/Basic-ROS2-TurtleBot3-Manual-Control/Basic-ROS2-TurtleBot3-Manual-Control/install/turtlebot4_msgs/include/turtlebot4_msgs/turtlebot4_msgs/msg
[6.614s] -- Up-to-date: /home/blancjh/Desktop/ROS2-projects/Basic-ROS2-TurtleBot3-Manual-Control/Basic-ROS2-TurtleBot3-Manual-Control/install/turtlebot4_msgs/include/turtlebot4_msgs/turtlebot4_msgs/msg/detail
[6.614s] -- Installing: /home/blancjh/Desktop/ROS2-projects/Basic-ROS2-TurtleBot3-Manual-Control/Basic-ROS2-TurtleBot3-Manual-Control/install/turtlebot4_msgs/include/turtlebot4_msgs/turtlebot4_msgs/msg/detail/user_led__type_support.cpp
[6.614s] -- Installing: /home/blancjh/Desktop/ROS2-projects/Basic-ROS2-TurtleBot3-Manual-Control/Basic-ROS2-TurtleBot3-Manual-Control/install/turtlebot4_msgs/include/turtlebot4_msgs/turtlebot4_msgs/msg/detail/user_display__type_support.cpp
[6.614s] -- Installing: /home/blancjh/Desktop/ROS2-projects/Basic-ROS2-TurtleBot3-Manual-Control/Basic-ROS2-TurtleBot3-Manual-Control/install/turtlebot4_msgs/include/turtlebot4_msgs/turtlebot4_msgs/msg/detail/user_display__rosidl_typesupport_introspection_cpp.hpp
[6.614s] -- Installing: /home/blancjh/Desktop/ROS2-projects/Basic-ROS2-TurtleBot3-Manual-Control/Basic-ROS2-TurtleBot3-Manual-Control/install/turtlebot4_msgs/include/turtlebot4_msgs/turtlebot4_msgs/msg/detail/user_led__rosidl_typesupport_introspection_cpp.hpp
[6.615s] -- Installing: /home/blancjh/Desktop/ROS2-projects/Basic-ROS2-TurtleBot3-Manual-Control/Basic-ROS2-TurtleBot3-Manual-Control/install/turtlebot4_msgs/include/turtlebot4_msgs/turtlebot4_msgs/msg/detail/user_button__type_support.cpp
[6.615s] -- Installing: /home/blancjh/Desktop/ROS2-projects/Basic-ROS2-TurtleBot3-Manual-Control/Basic-ROS2-TurtleBot3-Manual-Control/install/turtlebot4_msgs/include/turtlebot4_msgs/turtlebot4_msgs/msg/detail/user_button__rosidl_typesupport_introspection_cpp.hpp
[6.615s] -- Installing: /home/blancjh/Desktop/ROS2-projects/Basic-ROS2-TurtleBot3-Manual-Control/Basic-ROS2-TurtleBot3-Manual-Control/install/turtlebot4_msgs/lib/libturtlebot4_msgs__rosidl_typesupport_introspection_cpp.so
[6.615s] -- Set non-toolchain portion of runtime path of "/home/blancjh/Desktop/ROS2-projects/Basic-ROS2-TurtleBot3-Manual-Control/Basic-ROS2-TurtleBot3-Manual-Control/install/turtlebot4_msgs/lib/libturtlebot4_msgs__rosidl_typesupport_introspection_cpp.so" to ""
[6.615s] -- Installing: /home/blancjh/Desktop/ROS2-projects/Basic-ROS2-TurtleBot3-Manual-Control/Basic-ROS2-TurtleBot3-Manual-Control/install/turtlebot4_msgs/lib/libturtlebot4_msgs__rosidl_typesupport_cpp.so
[6.615s] -- Set non-toolchain portion of runtime path of "/home/blancjh/Desktop/ROS2-projects/Basic-ROS2-TurtleBot3-Manual-Control/Basic-ROS2-TurtleBot3-Manual-Control/install/turtlebot4_msgs/lib/libturtlebot4_msgs__rosidl_typesupport_cpp.so" to ""
[6.615s] -- Installing: /home/blancjh/Desktop/ROS2-projects/Basic-ROS2-TurtleBot3-Manual-Control/Basic-ROS2-TurtleBot3-Manual-Control/install/turtlebot4_msgs/share/turtlebot4_msgs/environment/pythonpath.sh
[6.616s] -- Installing: /home/blancjh/Desktop/ROS2-projects/Basic-ROS2-TurtleBot3-Manual-Control/Basic-ROS2-TurtleBot3-Manual-Control/install/turtlebot4_msgs/share/turtlebot4_msgs/environment/pythonpath.dsv
[6.616s] -- Installing: /home/blancjh/Desktop/ROS2-projects/Basic-ROS2-TurtleBot3-Manual-Control/Basic-ROS2-TurtleBot3-Manual-Control/install/turtlebot4_msgs/lib/python3.12/site-packages/turtlebot4_msgs-2.1.0-py3.12.egg-info
[6.616s] -- Installing: /home/blancjh/Desktop/ROS2-projects/Basic-ROS2-TurtleBot3-Manual-Control/Basic-ROS2-TurtleBot3-Manual-Control/install/turtlebot4_msgs/lib/python3.12/site-packages/turtlebot4_msgs-2.1.0-py3.12.egg-info/SOURCES.txt
[6.616s] -- Installing: /home/blancjh/Desktop/ROS2-projects/Basic-ROS2-TurtleBot3-Manual-Control/Basic-ROS2-TurtleBot3-Manual-Control/install/turtlebot4_msgs/lib/python3.12/site-packages/turtlebot4_msgs-2.1.0-py3.12.egg-info/dependency_links.txt
[6.616s] -- Installing: /home/blancjh/Desktop/ROS2-projects/Basic-ROS2-TurtleBot3-Manual-Control/Basic-ROS2-TurtleBot3-Manual-Control/install/turtlebot4_msgs/lib/python3.12/site-packages/turtlebot4_msgs-2.1.0-py3.12.egg-info/top_level.txt
[6.616s] -- Installing: /home/blancjh/Desktop/ROS2-projects/Basic-ROS2-TurtleBot3-Manual-Control/Basic-ROS2-TurtleBot3-Manual-Control/install/turtlebot4_msgs/lib/python3.12/site-packages/turtlebot4_msgs-2.1.0-py3.12.egg-info/PKG-INFO
[6.617s] -- Installing: /home/blancjh/Desktop/ROS2-projects/Basic-ROS2-TurtleBot3-Manual-Control/Basic-ROS2-TurtleBot3-Manual-Control/install/turtlebot4_msgs/lib/python3.12/site-packages/turtlebot4_msgs
[6.617s] -- Installing: /home/blancjh/Desktop/ROS2-projects/Basic-ROS2-TurtleBot3-Manual-Control/Basic-ROS2-TurtleBot3-Manual-Control/install/turtlebot4_msgs/lib/python3.12/site-packages/turtlebot4_msgs/_turtlebot4_msgs_s.ep.rosidl_typesupport_fastrtps_c.c
[6.617s] -- Installing: /home/blancjh/Desktop/ROS2-projects/Basic-ROS2-TurtleBot3-Manual-Control/Basic-ROS2-TurtleBot3-Manual-Control/install/turtlebot4_msgs/lib/python3.12/site-packages/turtlebot4_msgs/turtlebot4_msgs_s__rosidl_typesupport_c.so
[6.617s] -- Installing: /home/blancjh/Desktop/ROS2-projects/Basic-ROS2-TurtleBot3-Manual-Control/Basic-ROS2-TurtleBot3-Manual-Control/install/turtlebot4_msgs/lib/python3.12/site-packages/turtlebot4_msgs/_turtlebot4_msgs_s.ep.rosidl_typesupport_c.c
[6.617s] -- Installing: /home/blancjh/Desktop/ROS2-projects/Basic-ROS2-TurtleBot3-Manual-Control/Basic-ROS2-TurtleBot3-Manual-Control/install/turtlebot4_msgs/lib/python3.12/site-packages/turtlebot4_msgs/__init__.py
[6.617s] -- Installing: /home/blancjh/Desktop/ROS2-projects/Basic-ROS2-TurtleBot3-Manual-Control/Basic-ROS2-TurtleBot3-Manual-Control/install/turtlebot4_msgs/lib/python3.12/site-packages/turtlebot4_msgs/turtlebot4_msgs_s__rosidl_typesupport_fastrtps_c.so
[6.618s] -- Installing: /home/blancjh/Desktop/ROS2-projects/Basic-ROS2-TurtleBot3-Manual-Control/Basic-ROS2-TurtleBot3-Manual-Control/install/turtlebot4_msgs/lib/python3.12/site-packages/turtlebot4_msgs/turtlebot4_msgs_s__rosidl_typesupport_introspection_c.so
[6.618s] -- Installing: /home/blancjh/Desktop/ROS2-projects/Basic-ROS2-TurtleBot3-Manual-Control/Basic-ROS2-TurtleBot3-Manual-Control/install/turtlebot4_msgs/lib/python3.12/site-packages/turtlebot4_msgs/_turtlebot4_msgs_s.ep.rosidl_typesupport_introspection_c.c
[6.618s] -- Installing: /home/blancjh/Desktop/ROS2-projects/Basic-ROS2-TurtleBot3-Manual-Control/Basic-ROS2-TurtleBot3-Manual-Control/install/turtlebot4_msgs/lib/python3.12/site-packages/turtlebot4_msgs/msg
[6.618s] -- Installing: /home/blancjh/Desktop/ROS2-projects/Basic-ROS2-TurtleBot3-Manual-Control/Basic-ROS2-TurtleBot3-Manual-Control/install/turtlebot4_msgs/lib/python3.12/site-packages/turtlebot4_msgs/msg/_user_led_s.c
[6.618s] -- Installing: /home/blancjh/Desktop/ROS2-projects/Basic-ROS2-TurtleBot3-Manual-Control/Basic-ROS2-TurtleBot3-Manual-Control/install/turtlebot4_msgs/lib/python3.12/site-packages/turtlebot4_msgs/msg/_user_led.py
[6.618s] -- Installing: /home/blancjh/Desktop/ROS2-projects/Basic-ROS2-TurtleBot3-Manual-Control/Basic-ROS2-TurtleBot3-Manual-Control/install/turtlebot4_msgs/lib/python3.12/site-packages/turtlebot4_msgs/msg/__init__.py
[6.618s] -- Installing: /home/blancjh/Desktop/ROS2-projects/Basic-ROS2-TurtleBot3-Manual-Control/Basic-ROS2-TurtleBot3-Manual-Control/install/turtlebot4_msgs/lib/python3.12/site-packages/turtlebot4_msgs/msg/_user_display_s.c
[6.618s] -- Installing: /home/blancjh/Desktop/ROS2-projects/Basic-ROS2-TurtleBot3-Manual-Control/Basic-ROS2-TurtleBot3-Manual-Control/install/turtlebot4_msgs/lib/python3.12/site-packages/turtlebot4_msgs/msg/_user_button_s.c
[6.619s] -- Installing: /home/blancjh/Desktop/ROS2-projects/Basic-ROS2-TurtleBot3-Manual-Control/Basic-ROS2-TurtleBot3-Manual-Control/install/turtlebot4_msgs/lib/python3.12/site-packages/turtlebot4_msgs/msg/_user_button.py
[6.619s] -- Installing: /home/blancjh/Desktop/ROS2-projects/Basic-ROS2-TurtleBot3-Manual-Control/Basic-ROS2-TurtleBot3-Manual-Control/install/turtlebot4_msgs/lib/python3.12/site-packages/turtlebot4_msgs/msg/_user_display.py
[6.656s] Listing '/home/blancjh/Desktop/ROS2-projects/Basic-ROS2-TurtleBot3-Manual-Control/Basic-ROS2-TurtleBot3-Manual-Control/install/turtlebot4_msgs/lib/python3.12/site-packages/turtlebot4_msgs'...
[6.657s] Compiling '/home/blancjh/Desktop/ROS2-projects/Basic-ROS2-TurtleBot3-Manual-Control/Basic-ROS2-TurtleBot3-Manual-Control/install/turtlebot4_msgs/lib/python3.12/site-packages/turtlebot4_msgs/__init__.py'...
[6.657s] Listing '/home/blancjh/Desktop/ROS2-projects/Basic-ROS2-TurtleBot3-Manual-Control/Basic-ROS2-TurtleBot3-Manual-Control/install/turtlebot4_msgs/lib/python3.12/site-packages/turtlebot4_msgs/msg'...
[6.657s] Compiling '/home/blancjh/Desktop/ROS2-projects/Basic-ROS2-TurtleBot3-Manual-Control/Basic-ROS2-TurtleBot3-Manual-Control/install/turtlebot4_msgs/lib/python3.12/site-packages/turtlebot4_msgs/msg/__init__.py'...
[6.657s] Compiling '/home/blancjh/Desktop/ROS2-projects/Basic-ROS2-TurtleBot3-Manual-Control/Basic-ROS2-TurtleBot3-Manual-Control/install/turtlebot4_msgs/lib/python3.12/site-packages/turtlebot4_msgs/msg/_user_button.py'...
[6.657s] Compiling '/home/blancjh/Desktop/ROS2-projects/Basic-ROS2-TurtleBot3-Manual-Control/Basic-ROS2-TurtleBot3-Manual-Control/install/turtlebot4_msgs/lib/python3.12/site-packages/turtlebot4_msgs/msg/_user_display.py'...
[6.657s] Compiling '/home/blancjh/Desktop/ROS2-projects/Basic-ROS2-TurtleBot3-Manual-Control/Basic-ROS2-TurtleBot3-Manual-Control/install/turtlebot4_msgs/lib/python3.12/site-packages/turtlebot4_msgs/msg/_user_led.py'...
[6.662s] -- Installing: /home/blancjh/Desktop/ROS2-projects/Basic-ROS2-TurtleBot3-Manual-Control/Basic-ROS2-TurtleBot3-Manual-Control/install/turtlebot4_msgs/lib/python3.12/site-packages/turtlebot4_msgs/turtlebot4_msgs_s__rosidl_typesupport_fastrtps_c.so
[6.662s] -- Set non-toolchain portion of runtime path of "/home/blancjh/Desktop/ROS2-projects/Basic-ROS2-TurtleBot3-Manual-Control/Basic-ROS2-TurtleBot3-Manual-Control/install/turtlebot4_msgs/lib/python3.12/site-packages/turtlebot4_msgs/turtlebot4_msgs_s__rosidl_typesupport_fastrtps_c.so" to ""
[6.662s] -- Installing: /home/blancjh/Desktop/ROS2-projects/Basic-ROS2-TurtleBot3-Manual-Control/Basic-ROS2-TurtleBot3-Manual-Control/install/turtlebot4_msgs/lib/python3.12/site-packages/turtlebot4_msgs/turtlebot4_msgs_s__rosidl_typesupport_introspection_c.so
[6.663s] -- Set non-toolchain portion of runtime path of "/home/blancjh/Desktop/ROS2-projects/Basic-ROS2-TurtleBot3-Manual-Control/Basic-ROS2-TurtleBot3-Manual-Control/install/turtlebot4_msgs/lib/python3.12/site-packages/turtlebot4_msgs/turtlebot4_msgs_s__rosidl_typesupport_introspection_c.so" to ""
[6.663s] -- Installing: /home/blancjh/Desktop/ROS2-projects/Basic-ROS2-TurtleBot3-Manual-Control/Basic-ROS2-TurtleBot3-Manual-Control/install/turtlebot4_msgs/lib/python3.12/site-packages/turtlebot4_msgs/turtlebot4_msgs_s__rosidl_typesupport_c.so
[6.663s] -- Set non-toolchain portion of runtime path of "/home/blancjh/Desktop/ROS2-projects/Basic-ROS2-TurtleBot3-Manual-Control/Basic-ROS2-TurtleBot3-Manual-Control/install/turtlebot4_msgs/lib/python3.12/site-packages/turtlebot4_msgs/turtlebot4_msgs_s__rosidl_typesupport_c.so" to ""
[6.664s] -- Installing: /home/blancjh/Desktop/ROS2-projects/Basic-ROS2-TurtleBot3-Manual-Control/Basic-ROS2-TurtleBot3-Manual-Control/install/turtlebot4_msgs/lib/libturtlebot4_msgs__rosidl_generator_py.so
[6.664s] -- Set non-toolchain portion of runtime path of "/home/blancjh/Desktop/ROS2-projects/Basic-ROS2-TurtleBot3-Manual-Control/Basic-ROS2-TurtleBot3-Manual-Control/install/turtlebot4_msgs/lib/libturtlebot4_msgs__rosidl_generator_py.so" to ""
[6.664s] -- Installing: /home/blancjh/Desktop/ROS2-projects/Basic-ROS2-TurtleBot3-Manual-Control/Basic-ROS2-TurtleBot3-Manual-Control/install/turtlebot4_msgs/share/turtlebot4_msgs/msg/UserLed.idl
[6.664s] -- Installing: /home/blancjh/Desktop/ROS2-projects/Basic-ROS2-TurtleBot3-Manual-Control/Basic-ROS2-TurtleBot3-Manual-Control/install/turtlebot4_msgs/share/turtlebot4_msgs/msg/UserButton.idl
[6.664s] -- Installing: /home/blancjh/Desktop/ROS2-projects/Basic-ROS2-TurtleBot3-Manual-Control/Basic-ROS2-TurtleBot3-Manual-Control/install/turtlebot4_msgs/share/turtlebot4_msgs/msg/UserDisplay.idl
[6.665s] -- Installing: /home/blancjh/Desktop/ROS2-projects/Basic-ROS2-TurtleBot3-Manual-Control/Basic-ROS2-TurtleBot3-Manual-Control/install/turtlebot4_msgs/share/turtlebot4_msgs/msg/UserLed.msg
[6.665s] -- Installing: /home/blancjh/Desktop/ROS2-projects/Basic-ROS2-TurtleBot3-Manual-Control/Basic-ROS2-TurtleBot3-Manual-Control/install/turtlebot4_msgs/share/turtlebot4_msgs/msg/UserButton.msg
[6.665s] -- Installing: /home/blancjh/Desktop/ROS2-projects/Basic-ROS2-TurtleBot3-Manual-Control/Basic-ROS2-TurtleBot3-Manual-Control/install/turtlebot4_msgs/share/turtlebot4_msgs/msg/UserDisplay.msg
[6.665s] -- Installing: /home/blancjh/Desktop/ROS2-projects/Basic-ROS2-TurtleBot3-Manual-Control/Basic-ROS2-TurtleBot3-Manual-Control/install/turtlebot4_msgs/share/ament_index/resource_index/package_run_dependencies/turtlebot4_msgs
[6.665s] -- Installing: /home/blancjh/Desktop/ROS2-projects/Basic-ROS2-TurtleBot3-Manual-Control/Basic-ROS2-TurtleBot3-Manual-Control/install/turtlebot4_msgs/share/ament_index/resource_index/parent_prefix_path/turtlebot4_msgs
[6.665s] -- Installing: /home/blancjh/Desktop/ROS2-projects/Basic-ROS2-TurtleBot3-Manual-Control/Basic-ROS2-TurtleBot3-Manual-Control/install/turtlebot4_msgs/share/turtlebot4_msgs/environment/ament_prefix_path.sh
[6.666s] -- Installing: /home/blancjh/Desktop/ROS2-projects/Basic-ROS2-TurtleBot3-Manual-Control/Basic-ROS2-TurtleBot3-Manual-Control/install/turtlebot4_msgs/share/turtlebot4_msgs/environment/ament_prefix_path.dsv
[6.666s] -- Installing: /home/blancjh/Desktop/ROS2-projects/Basic-ROS2-TurtleBot3-Manual-Control/Basic-ROS2-TurtleBot3-Manual-Control/install/turtlebot4_msgs/share/turtlebot4_msgs/environment/path.sh
[6.666s] -- Installing: /home/blancjh/Desktop/ROS2-projects/Basic-ROS2-TurtleBot3-Manual-Control/Basic-ROS2-TurtleBot3-Manual-Control/install/turtlebot4_msgs/share/turtlebot4_msgs/environment/path.dsv
[6.666s] -- Installing: /home/blancjh/Desktop/ROS2-projects/Basic-ROS2-TurtleBot3-Manual-Control/Basic-ROS2-TurtleBot3-Manual-Control/install/turtlebot4_msgs/share/turtlebot4_msgs/local_setup.bash
[6.666s] -- Installing: /home/blancjh/Desktop/ROS2-projects/Basic-ROS2-TurtleBot3-Manual-Control/Basic-ROS2-TurtleBot3-Manual-Control/install/turtlebot4_msgs/share/turtlebot4_msgs/local_setup.sh
[6.666s] -- Installing: /home/blancjh/Desktop/ROS2-projects/Basic-ROS2-TurtleBot3-Manual-Control/Basic-ROS2-TurtleBot3-Manual-Control/install/turtlebot4_msgs/share/turtlebot4_msgs/local_setup.zsh
[6.666s] -- Installing: /home/blancjh/Desktop/ROS2-projects/Basic-ROS2-TurtleBot3-Manual-Control/Basic-ROS2-TurtleBot3-Manual-Control/install/turtlebot4_msgs/share/turtlebot4_msgs/local_setup.dsv
[6.667s] -- Installing: /home/blancjh/Desktop/ROS2-projects/Basic-ROS2-TurtleBot3-Manual-Control/Basic-ROS2-TurtleBot3-Manual-Control/install/turtlebot4_msgs/share/turtlebot4_msgs/package.dsv
[6.667s] -- Installing: /home/blancjh/Desktop/ROS2-projects/Basic-ROS2-TurtleBot3-Manual-Control/Basic-ROS2-TurtleBot3-Manual-Control/install/turtlebot4_msgs/share/ament_index/resource_index/packages/turtlebot4_msgs
[6.667s] -- Installing: /home/blancjh/Desktop/ROS2-projects/Basic-ROS2-TurtleBot3-Manual-Control/Basic-ROS2-TurtleBot3-Manual-Control/install/turtlebot4_msgs/share/turtlebot4_msgs/cmake/export_turtlebot4_msgs__rosidl_generator_cExport.cmake
[6.667s] -- Installing: /home/blancjh/Desktop/ROS2-projects/Basic-ROS2-TurtleBot3-Manual-Control/Basic-ROS2-TurtleBot3-Manual-Control/install/turtlebot4_msgs/share/turtlebot4_msgs/cmake/export_turtlebot4_msgs__rosidl_generator_cExport-noconfig.cmake
[6.667s] -- Installing: /home/blancjh/Desktop/ROS2-projects/Basic-ROS2-TurtleBot3-Manual-Control/Basic-ROS2-TurtleBot3-Manual-Control/install/turtlebot4_msgs/share/turtlebot4_msgs/cmake/export_turtlebot4_msgs__rosidl_typesupport_fastrtps_cExport.cmake
[6.667s] -- Installing: /home/blancjh/Desktop/ROS2-projects/Basic-ROS2-TurtleBot3-Manual-Control/Basic-ROS2-TurtleBot3-Manual-Control/install/turtlebot4_msgs/share/turtlebot4_msgs/cmake/export_turtlebot4_msgs__rosidl_typesupport_fastrtps_cExport-noconfig.cmake
[6.667s] -- Installing: /home/blancjh/Desktop/ROS2-projects/Basic-ROS2-TurtleBot3-Manual-Control/Basic-ROS2-TurtleBot3-Manual-Control/install/turtlebot4_msgs/share/turtlebot4_msgs/cmake/turtlebot4_msgs__rosidl_typesupport_introspection_cExport.cmake
[6.668s] -- Installing: /home/blancjh/Desktop/ROS2-projects/Basic-ROS2-TurtleBot3-Manual-Control/Basic-ROS2-TurtleBot3-Manual-Control/install/turtlebot4_msgs/share/turtlebot4_msgs/cmake/turtlebot4_msgs__rosidl_typesupport_introspection_cExport-noconfig.cmake
[6.668s] -- Installing: /home/blancjh/Desktop/ROS2-projects/Basic-ROS2-TurtleBot3-Manual-Control/Basic-ROS2-TurtleBot3-Manual-Control/install/turtlebot4_msgs/share/turtlebot4_msgs/cmake/turtlebot4_msgs__rosidl_typesupport_cExport.cmake
[6.668s] -- Installing: /home/blancjh/Desktop/ROS2-projects/Basic-ROS2-TurtleBot3-Manual-Control/Basic-ROS2-TurtleBot3-Manual-Control/install/turtlebot4_msgs/share/turtlebot4_msgs/cmake/turtlebot4_msgs__rosidl_typesupport_cExport-noconfig.cmake
[6.668s] -- Installing: /home/blancjh/Desktop/ROS2-projects/Basic-ROS2-TurtleBot3-Manual-Control/Basic-ROS2-TurtleBot3-Manual-Control/install/turtlebot4_msgs/share/turtlebot4_msgs/cmake/export_turtlebot4_msgs__rosidl_generator_cppExport.cmake
[6.668s] -- Installing: /home/blancjh/Desktop/ROS2-projects/Basic-ROS2-TurtleBot3-Manual-Control/Basic-ROS2-TurtleBot3-Manual-Control/install/turtlebot4_msgs/share/turtlebot4_msgs/cmake/export_turtlebot4_msgs__rosidl_typesupport_fastrtps_cppExport.cmake
[6.668s] -- Installing: /home/blancjh/Desktop/ROS2-projects/Basic-ROS2-TurtleBot3-Manual-Control/Basic-ROS2-TurtleBot3-Manual-Control/install/turtlebot4_msgs/share/turtlebot4_msgs/cmake/export_turtlebot4_msgs__rosidl_typesupport_fastrtps_cppExport-noconfig.cmake
[6.669s] -- Installing: /home/blancjh/Desktop/ROS2-projects/Basic-ROS2-TurtleBot3-Manual-Control/Basic-ROS2-TurtleBot3-Manual-Control/install/turtlebot4_msgs/share/turtlebot4_msgs/cmake/turtlebot4_msgs__rosidl_typesupport_introspection_cppExport.cmake
[6.669s] -- Installing: /home/blancjh/Desktop/ROS2-projects/Basic-ROS2-TurtleBot3-Manual-Control/Basic-ROS2-TurtleBot3-Manual-Control/install/turtlebot4_msgs/share/turtlebot4_msgs/cmake/turtlebot4_msgs__rosidl_typesupport_introspection_cppExport-noconfig.cmake
[6.669s] -- Installing: /home/blancjh/Desktop/ROS2-projects/Basic-ROS2-TurtleBot3-Manual-Control/Basic-ROS2-TurtleBot3-Manual-Control/install/turtlebot4_msgs/share/turtlebot4_msgs/cmake/turtlebot4_msgs__rosidl_typesupport_cppExport.cmake
[6.669s] -- Installing: /home/blancjh/Desktop/ROS2-projects/Basic-ROS2-TurtleBot3-Manual-Control/Basic-ROS2-TurtleBot3-Manual-Control/install/turtlebot4_msgs/share/turtlebot4_msgs/cmake/turtlebot4_msgs__rosidl_typesupport_cppExport-noconfig.cmake
[6.669s] -- Installing: /home/blancjh/Desktop/ROS2-projects/Basic-ROS2-TurtleBot3-Manual-Control/Basic-ROS2-TurtleBot3-Manual-Control/install/turtlebot4_msgs/share/turtlebot4_msgs/cmake/export_turtlebot4_msgs__rosidl_generator_pyExport.cmake
[6.669s] -- Installing: /home/blancjh/Desktop/ROS2-projects/Basic-ROS2-TurtleBot3-Manual-Control/Basic-ROS2-TurtleBot3-Manual-Control/install/turtlebot4_msgs/share/turtlebot4_msgs/cmake/export_turtlebot4_msgs__rosidl_generator_pyExport-noconfig.cmake
[6.670s] -- Installing: /home/blancjh/Desktop/ROS2-projects/Basic-ROS2-TurtleBot3-Manual-Control/Basic-ROS2-TurtleBot3-Manual-Control/install/turtlebot4_msgs/share/turtlebot4_msgs/cmake/rosidl_cmake-extras.cmake
[6.670s] -- Installing: /home/blancjh/Desktop/ROS2-projects/Basic-ROS2-TurtleBot3-Manual-Control/Basic-ROS2-TurtleBot3-Manual-Control/install/turtlebot4_msgs/share/turtlebot4_msgs/cmake/ament_cmake_export_include_directories-extras.cmake
[6.670s] -- Installing: /home/blancjh/Desktop/ROS2-projects/Basic-ROS2-TurtleBot3-Manual-Control/Basic-ROS2-TurtleBot3-Manual-Control/install/turtlebot4_msgs/share/turtlebot4_msgs/cmake/ament_cmake_export_libraries-extras.cmake
[6.670s] -- Installing: /home/blancjh/Desktop/ROS2-projects/Basic-ROS2-TurtleBot3-Manual-Control/Basic-ROS2-TurtleBot3-Manual-Control/install/turtlebot4_msgs/share/turtlebot4_msgs/cmake/ament_cmake_export_targets-extras.cmake
[6.670s] -- Installing: /home/blancjh/Desktop/ROS2-projects/Basic-ROS2-TurtleBot3-Manual-Control/Basic-ROS2-TurtleBot3-Manual-Control/install/turtlebot4_msgs/share/turtlebot4_msgs/cmake/rosidl_cmake_export_typesupport_targets-extras.cmake
[6.670s] -- Installing: /home/blancjh/Desktop/ROS2-projects/Basic-ROS2-TurtleBot3-Manual-Control/Basic-ROS2-TurtleBot3-Manual-Control/install/turtlebot4_msgs/share/turtlebot4_msgs/cmake/ament_cmake_export_dependencies-extras.cmake
[6.670s] -- Installing: /home/blancjh/Desktop/ROS2-projects/Basic-ROS2-TurtleBot3-Manual-Control/Basic-ROS2-TurtleBot3-Manual-Control/install/turtlebot4_msgs/share/turtlebot4_msgs/cmake/rosidl_cmake_export_typesupport_libraries-extras.cmake
[6.670s] -- Installing: /home/blancjh/Desktop/ROS2-projects/Basic-ROS2-TurtleBot3-Manual-Control/Basic-ROS2-TurtleBot3-Manual-Control/install/turtlebot4_msgs/share/turtlebot4_msgs/cmake/turtlebot4_msgsConfig.cmake
[6.671s] -- Installing: /home/blancjh/Desktop/ROS2-projects/Basic-ROS2-TurtleBot3-Manual-Control/Basic-ROS2-TurtleBot3-Manual-Control/install/turtlebot4_msgs/share/turtlebot4_msgs/cmake/turtlebot4_msgsConfig-version.cmake
[6.671s] -- Installing: /home/blancjh/Desktop/ROS2-projects/Basic-ROS2-TurtleBot3-Manual-Control/Basic-ROS2-TurtleBot3-Manual-Control/install/turtlebot4_msgs/share/turtlebot4_msgs/package.xml
[6.673s] Invoked command in '/home/blancjh/Desktop/ROS2-projects/Basic-ROS2-TurtleBot3-Manual-Control/Basic-ROS2-TurtleBot3-Manual-Control/build/turtlebot4_msgs' returned '0': CMAKE_PREFIX_PATH=${CMAKE_PREFIX_PATH}:/opt/ros/jazzy DEBUGINFOD_URLS=https://debuginfod.ubuntu.com /usr/bin/cmake --install /home/blancjh/Desktop/ROS2-projects/Basic-ROS2-TurtleBot3-Manual-Control/Basic-ROS2-TurtleBot3-Manual-Control/build/turtlebot4_msgs
