[0.135s] DEBUG:colcon:Command line arguments: ['/usr/bin/colcon', 'build', '--packages-select', 'lidar_scan_relay']
[0.136s] DEBUG:colcon:Parsed command line arguments: Namespace(log_base=None, log_level=None, verb_name='build', build_base='build', install_base='install', merge_install=False, symlink_install=False, test_result_base=None, continue_on_error=False, executor='parallel', parallel_workers=12, event_handlers=None, ignore_user_meta=False, metas=['./colcon.meta'], base_paths=['.'], packages_ignore=None, packages_ignore_regex=None, paths=None, packages_up_to=None, packages_up_to_regex=None, packages_above=None, packages_above_and_dependencies=None, packages_above_depth=None, packages_select_by_dep=None, packages_skip_by_dep=None, packages_skip_up_to=None, packages_select_build_failed=False, packages_skip_build_finished=False, packages_select_test_failures=False, packages_skip_test_passed=False, packages_select=['lidar_scan_relay'], packages_skip=None, packages_select_regex=None, packages_skip_regex=None, packages_start=None, packages_end=None, cmake_args=None, cmake_target=None, cmake_target_skip_unavailable=False, cmake_clean_cache=False, cmake_clean_first=False, cmake_force_configure=False, ament_cmake_args=None, catkin_cmake_args=None, catkin_skip_building_tests=False, verb_parser=<colcon_defaults.argument_parser.defaults.DefaultArgumentsDecorator object at 0x7a9773220860>, verb_extension=<colcon_core.verb.build.BuildVerb object at 0x7a9773220680>, main=<bound method BuildVerb.main of <colcon_core.verb.build.BuildVerb object at 0x7a9773220680>>)
[0.184s] Level 1:colcon.colcon_core.package_discovery:discover_packages(colcon_meta) check parameters
[0.184s] Level 1:colcon.colcon_core.package_discovery:discover_packages(recursive) check parameters
[0.184s] Level 1:colcon.colcon_core.package_discovery:discover_packages(ignore) check parameters
[0.184s] Level 1:colcon.colcon_core.package_discovery:discover_packages(path) check parameters
[0.184s] Level 1:colcon.colcon_core.package_discovery:discover_packages(colcon_meta) discover
[0.184s] Level 1:colcon.colcon_core.package_discovery:discover_packages(recursive) discover
[0.184s] INFO:colcon.colcon_core.package_discovery:Crawling recursively for packages in '/home/blancjh/Desktop/ROS2-projects/Basic-ROS2-TurtleBot3-Manual-Control/Basic-ROS2-TurtleBot3-Manual-Control'
[0.185s] Level 1:colcon.colcon_core.package_identification:_identify(.) by extensions ['ignore', 'ignore_ament_install']
[0.185s] Level 1:colcon.colcon_core.package_identification:_identify(.) by extension 'ignore'
[0.185s] Level 1:colcon.colcon_core.package_identification:_identify(.) by extension 'ignore_ament_install'
[0.185s] Level 1:colcon.colcon_core.package_identification:_identify(.) by extensions ['colcon_pkg']
[0.185s] Level 1:colcon.colcon_core.package_identification:_identify(.) by extension 'colcon_pkg'
[0.185s] Level 1:colcon.colcon_core.package_identification:_identify(.) by extensions ['colcon_meta']
[0.185s] Level 1:colcon.colcon_core.package_identification:_identify(.) by extension 'colcon_meta'
[0.185s] Level 1:colcon.colcon_core.package_identification:_identify(.) by extensions ['ros']
[0.185s] Level 1:colcon.colcon_core.package_identification:_identify(.) by extension 'ros'
[0.216s] Level 1:colcon.colcon_core.package_identification:_identify(.) by extensions ['cmake', 'python']
[0.216s] Level 1:colcon.colcon_core.package_identification:_identify(.) by extension 'cmake'
[0.216s] Level 1:colcon.colcon_core.package_identification:_identify(.) by extension 'python'
[0.216s] Level 1:colcon.colcon_core.package_identification:_identify(.) by extensions ['python_setup_py']
[0.216s] Level 1:colcon.colcon_core.package_identification:_identify(.) by extension 'python_setup_py'
[0.216s] Level 1:colcon.colcon_core.package_identification:_identify(build) by extensions ['ignore', 'ignore_ament_install']
[0.217s] Level 1:colcon.colcon_core.package_identification:_identify(build) by extension 'ignore'
[0.217s] Level 1:colcon.colcon_core.package_identification:_identify(build) ignored
[0.217s] Level 1:colcon.colcon_core.package_identification:_identify(install) by extensions ['ignore', 'ignore_ament_install']
[0.217s] Level 1:colcon.colcon_core.package_identification:_identify(install) by extension 'ignore'
[0.217s] Level 1:colcon.colcon_core.package_identification:_identify(install) ignored
[0.217s] Level 1:colcon.colcon_core.package_identification:_identify(lidar_scan_relay) by extensions ['ignore', 'ignore_ament_install']
[0.217s] Level 1:colcon.colcon_core.package_identification:_identify(lidar_scan_relay) by extension 'ignore'
[0.217s] Level 1:colcon.colcon_core.package_identification:_identify(lidar_scan_relay) by extension 'ignore_ament_install'
[0.217s] Level 1:colcon.colcon_core.package_identification:_identify(lidar_scan_relay) by extensions ['colcon_pkg']
[0.217s] Level 1:colcon.colcon_core.package_identification:_identify(lidar_scan_relay) by extension 'colcon_pkg'
[0.218s] Level 1:colcon.colcon_core.package_identification:_identify(lidar_scan_relay) by extensions ['colcon_meta']
[0.218s] Level 1:colcon.colcon_core.package_identification:_identify(lidar_scan_relay) by extension 'colcon_meta'
[0.218s] Level 1:colcon.colcon_core.package_identification:_identify(lidar_scan_relay) by extensions ['ros']
[0.218s] Level 1:colcon.colcon_core.package_identification:_identify(lidar_scan_relay) by extension 'ros'
[0.221s] DEBUG:colcon.colcon_core.package_identification:Package 'lidar_scan_relay' with type 'ros.ament_python' and name 'lidar_scan_relay'
[0.221s] Level 1:colcon.colcon_core.package_identification:_identify(log) by extensions ['ignore', 'ignore_ament_install']
[0.221s] Level 1:colcon.colcon_core.package_identification:_identify(log) by extension 'ignore'
[0.221s] Level 1:colcon.colcon_core.package_identification:_identify(log) ignored
[0.221s] Level 1:colcon.colcon_core.package_identification:_identify(src) by extensions ['ignore', 'ignore_ament_install']
[0.221s] Level 1:colcon.colcon_core.package_identification:_identify(src) by extension 'ignore'
[0.221s] Level 1:colcon.colcon_core.package_identification:_identify(src) by extension 'ignore_ament_install'
[0.222s] Level 1:colcon.colcon_core.package_identification:_identify(src) by extensions ['colcon_pkg']
[0.222s] Level 1:colcon.colcon_core.package_identification:_identify(src) by extension 'colcon_pkg'
[0.222s] Level 1:colcon.colcon_core.package_identification:_identify(src) by extensions ['colcon_meta']
[0.222s] Level 1:colcon.colcon_core.package_identification:_identify(src) by extension 'colcon_meta'
[0.222s] Level 1:colcon.colcon_core.package_identification:_identify(src) by extensions ['ros']
[0.222s] Level 1:colcon.colcon_core.package_identification:_identify(src) by extension 'ros'
[0.222s] Level 1:colcon.colcon_core.package_identification:_identify(src) by extensions ['cmake', 'python']
[0.222s] Level 1:colcon.colcon_core.package_identification:_identify(src) by extension 'cmake'
[0.222s] Level 1:colcon.colcon_core.package_identification:_identify(src) by extension 'python'
[0.222s] Level 1:colcon.colcon_core.package_identification:_identify(src) by extensions ['python_setup_py']
[0.222s] Level 1:colcon.colcon_core.package_identification:_identify(src) by extension 'python_setup_py'
[0.222s] Level 1:colcon.colcon_core.package_identification:_identify(src/turtlebot4) by extensions ['ignore', 'ignore_ament_install']
[0.222s] Level 1:colcon.colcon_core.package_identification:_identify(src/turtlebot4) by extension 'ignore'
[0.222s] Level 1:colcon.colcon_core.package_identification:_identify(src/turtlebot4) by extension 'ignore_ament_install'
[0.223s] Level 1:colcon.colcon_core.package_identification:_identify(src/turtlebot4) by extensions ['colcon_pkg']
[0.223s] Level 1:colcon.colcon_core.package_identification:_identify(src/turtlebot4) by extension 'colcon_pkg'
[0.223s] Level 1:colcon.colcon_core.package_identification:_identify(src/turtlebot4) by extensions ['colcon_meta']
[0.223s] Level 1:colcon.colcon_core.package_identification:_identify(src/turtlebot4) by extension 'colcon_meta'
[0.223s] Level 1:colcon.colcon_core.package_identification:_identify(src/turtlebot4) by extensions ['ros']
[0.223s] Level 1:colcon.colcon_core.package_identification:_identify(src/turtlebot4) by extension 'ros'
[0.223s] Level 1:colcon.colcon_core.package_identification:_identify(src/turtlebot4) by extensions ['cmake', 'python']
[0.223s] Level 1:colcon.colcon_core.package_identification:_identify(src/turtlebot4) by extension 'cmake'
[0.223s] Level 1:colcon.colcon_core.package_identification:_identify(src/turtlebot4) by extension 'python'
[0.223s] Level 1:colcon.colcon_core.package_identification:_identify(src/turtlebot4) by extensions ['python_setup_py']
[0.223s] Level 1:colcon.colcon_core.package_identification:_identify(src/turtlebot4) by extension 'python_setup_py'
[0.223s] Level 1:colcon.colcon_core.package_identification:_identify(src/turtlebot4/turtlebot4_description) by extensions ['ignore', 'ignore_ament_install']
[0.224s] Level 1:colcon.colcon_core.package_identification:_identify(src/turtlebot4/turtlebot4_description) by extension 'ignore'
[0.224s] Level 1:colcon.colcon_core.package_identification:_identify(src/turtlebot4/turtlebot4_description) by extension 'ignore_ament_install'
[0.224s] Level 1:colcon.colcon_core.package_identification:_identify(src/turtlebot4/turtlebot4_description) by extensions ['colcon_pkg']
[0.224s] Level 1:colcon.colcon_core.package_identification:_identify(src/turtlebot4/turtlebot4_description) by extension 'colcon_pkg'
[0.224s] Level 1:colcon.colcon_core.package_identification:_identify(src/turtlebot4/turtlebot4_description) by extensions ['colcon_meta']
[0.224s] Level 1:colcon.colcon_core.package_identification:_identify(src/turtlebot4/turtlebot4_description) by extension 'colcon_meta'
[0.224s] Level 1:colcon.colcon_core.package_identification:_identify(src/turtlebot4/turtlebot4_description) by extensions ['ros']
[0.224s] Level 1:colcon.colcon_core.package_identification:_identify(src/turtlebot4/turtlebot4_description) by extension 'ros'
[0.225s] DEBUG:colcon.colcon_core.package_identification:Package 'src/turtlebot4/turtlebot4_description' with type 'ros.ament_cmake' and name 'turtlebot4_description'
[0.225s] Level 1:colcon.colcon_core.package_identification:_identify(src/turtlebot4/turtlebot4_msgs) by extensions ['ignore', 'ignore_ament_install']
[0.225s] Level 1:colcon.colcon_core.package_identification:_identify(src/turtlebot4/turtlebot4_msgs) by extension 'ignore'
[0.225s] Level 1:colcon.colcon_core.package_identification:_identify(src/turtlebot4/turtlebot4_msgs) by extension 'ignore_ament_install'
[0.226s] Level 1:colcon.colcon_core.package_identification:_identify(src/turtlebot4/turtlebot4_msgs) by extensions ['colcon_pkg']
[0.226s] Level 1:colcon.colcon_core.package_identification:_identify(src/turtlebot4/turtlebot4_msgs) by extension 'colcon_pkg'
[0.226s] Level 1:colcon.colcon_core.package_identification:_identify(src/turtlebot4/turtlebot4_msgs) by extensions ['colcon_meta']
[0.226s] Level 1:colcon.colcon_core.package_identification:_identify(src/turtlebot4/turtlebot4_msgs) by extension 'colcon_meta'
[0.226s] Level 1:colcon.colcon_core.package_identification:_identify(src/turtlebot4/turtlebot4_msgs) by extensions ['ros']
[0.226s] Level 1:colcon.colcon_core.package_identification:_identify(src/turtlebot4/turtlebot4_msgs) by extension 'ros'
[0.227s] DEBUG:colcon.colcon_core.package_identification:Package 'src/turtlebot4/turtlebot4_msgs' with type 'ros.ament_cmake' and name 'turtlebot4_msgs'
[0.227s] Level 1:colcon.colcon_core.package_identification:_identify(src/turtlebot4/turtlebot4_navigation) by extensions ['ignore', 'ignore_ament_install']
[0.227s] Level 1:colcon.colcon_core.package_identification:_identify(src/turtlebot4/turtlebot4_navigation) by extension 'ignore'
[0.227s] Level 1:colcon.colcon_core.package_identification:_identify(src/turtlebot4/turtlebot4_navigation) by extension 'ignore_ament_install'
[0.227s] Level 1:colcon.colcon_core.package_identification:_identify(src/turtlebot4/turtlebot4_navigation) by extensions ['colcon_pkg']
[0.227s] Level 1:colcon.colcon_core.package_identification:_identify(src/turtlebot4/turtlebot4_navigation) by extension 'colcon_pkg'
[0.227s] Level 1:colcon.colcon_core.package_identification:_identify(src/turtlebot4/turtlebot4_navigation) by extensions ['colcon_meta']
[0.227s] Level 1:colcon.colcon_core.package_identification:_identify(src/turtlebot4/turtlebot4_navigation) by extension 'colcon_meta'
[0.227s] Level 1:colcon.colcon_core.package_identification:_identify(src/turtlebot4/turtlebot4_navigation) by extensions ['ros']
[0.227s] Level 1:colcon.colcon_core.package_identification:_identify(src/turtlebot4/turtlebot4_navigation) by extension 'ros'
[0.229s] DEBUG:colcon.colcon_core.package_identification:Package 'src/turtlebot4/turtlebot4_navigation' with type 'ros.ament_cmake' and name 'turtlebot4_navigation'
[0.230s] Level 1:colcon.colcon_core.package_identification:_identify(src/turtlebot4/turtlebot4_node) by extensions ['ignore', 'ignore_ament_install']
[0.230s] Level 1:colcon.colcon_core.package_identification:_identify(src/turtlebot4/turtlebot4_node) by extension 'ignore'
[0.230s] Level 1:colcon.colcon_core.package_identification:_identify(src/turtlebot4/turtlebot4_node) by extension 'ignore_ament_install'
[0.230s] Level 1:colcon.colcon_core.package_identification:_identify(src/turtlebot4/turtlebot4_node) by extensions ['colcon_pkg']
[0.230s] Level 1:colcon.colcon_core.package_identification:_identify(src/turtlebot4/turtlebot4_node) by extension 'colcon_pkg'
[0.230s] Level 1:colcon.colcon_core.package_identification:_identify(src/turtlebot4/turtlebot4_node) by extensions ['colcon_meta']
[0.230s] Level 1:colcon.colcon_core.package_identification:_identify(src/turtlebot4/turtlebot4_node) by extension 'colcon_meta'
[0.230s] Level 1:colcon.colcon_core.package_identification:_identify(src/turtlebot4/turtlebot4_node) by extensions ['ros']
[0.230s] Level 1:colcon.colcon_core.package_identification:_identify(src/turtlebot4/turtlebot4_node) by extension 'ros'
[0.232s] DEBUG:colcon.colcon_core.package_identification:Package 'src/turtlebot4/turtlebot4_node' with type 'ros.ament_cmake' and name 'turtlebot4_node'
[0.232s] Level 1:colcon.colcon_core.package_identification:_identify(src/turtlebot4_simulator) by extensions ['ignore', 'ignore_ament_install']
[0.232s] Level 1:colcon.colcon_core.package_identification:_identify(src/turtlebot4_simulator) by extension 'ignore'
[0.233s] Level 1:colcon.colcon_core.package_identification:_identify(src/turtlebot4_simulator) by extension 'ignore_ament_install'
[0.233s] Level 1:colcon.colcon_core.package_identification:_identify(src/turtlebot4_simulator) by extensions ['colcon_pkg']
[0.233s] Level 1:colcon.colcon_core.package_identification:_identify(src/turtlebot4_simulator) by extension 'colcon_pkg'
[0.233s] Level 1:colcon.colcon_core.package_identification:_identify(src/turtlebot4_simulator) by extensions ['colcon_meta']
[0.233s] Level 1:colcon.colcon_core.package_identification:_identify(src/turtlebot4_simulator) by extension 'colcon_meta'
[0.233s] Level 1:colcon.colcon_core.package_identification:_identify(src/turtlebot4_simulator) by extensions ['ros']
[0.233s] Level 1:colcon.colcon_core.package_identification:_identify(src/turtlebot4_simulator) by extension 'ros'
[0.233s] Level 1:colcon.colcon_core.package_identification:_identify(src/turtlebot4_simulator) by extensions ['cmake', 'python']
[0.233s] Level 1:colcon.colcon_core.package_identification:_identify(src/turtlebot4_simulator) by extension 'cmake'
[0.233s] Level 1:colcon.colcon_core.package_identification:_identify(src/turtlebot4_simulator) by extension 'python'
[0.233s] Level 1:colcon.colcon_core.package_identification:_identify(src/turtlebot4_simulator) by extensions ['python_setup_py']
[0.233s] Level 1:colcon.colcon_core.package_identification:_identify(src/turtlebot4_simulator) by extension 'python_setup_py'
[0.233s] Level 1:colcon.colcon_core.package_identification:_identify(src/turtlebot4_simulator/turtlebot4_gz_bringup) by extensions ['ignore', 'ignore_ament_install']
[0.234s] Level 1:colcon.colcon_core.package_identification:_identify(src/turtlebot4_simulator/turtlebot4_gz_bringup) by extension 'ignore'
[0.234s] Level 1:colcon.colcon_core.package_identification:_identify(src/turtlebot4_simulator/turtlebot4_gz_bringup) by extension 'ignore_ament_install'
[0.234s] Level 1:colcon.colcon_core.package_identification:_identify(src/turtlebot4_simulator/turtlebot4_gz_bringup) by extensions ['colcon_pkg']
[0.234s] Level 1:colcon.colcon_core.package_identification:_identify(src/turtlebot4_simulator/turtlebot4_gz_bringup) by extension 'colcon_pkg'
[0.234s] Level 1:colcon.colcon_core.package_identification:_identify(src/turtlebot4_simulator/turtlebot4_gz_bringup) by extensions ['colcon_meta']
[0.234s] Level 1:colcon.colcon_core.package_identification:_identify(src/turtlebot4_simulator/turtlebot4_gz_bringup) by extension 'colcon_meta'
[0.234s] Level 1:colcon.colcon_core.package_identification:_identify(src/turtlebot4_simulator/turtlebot4_gz_bringup) by extensions ['ros']
[0.234s] Level 1:colcon.colcon_core.package_identification:_identify(src/turtlebot4_simulator/turtlebot4_gz_bringup) by extension 'ros'
[0.237s] DEBUG:colcon.colcon_core.package_identification:Package 'src/turtlebot4_simulator/turtlebot4_gz_bringup' with type 'ros.ament_cmake' and name 'turtlebot4_gz_bringup'
[0.237s] Level 1:colcon.colcon_core.package_identification:_identify(src/turtlebot4_simulator/turtlebot4_gz_gui_plugins) by extensions ['ignore', 'ignore_ament_install']
[0.237s] Level 1:colcon.colcon_core.package_identification:_identify(src/turtlebot4_simulator/turtlebot4_gz_gui_plugins) by extension 'ignore'
[0.237s] Level 1:colcon.colcon_core.package_identification:_identify(src/turtlebot4_simulator/turtlebot4_gz_gui_plugins) by extension 'ignore_ament_install'
[0.237s] Level 1:colcon.colcon_core.package_identification:_identify(src/turtlebot4_simulator/turtlebot4_gz_gui_plugins) by extensions ['colcon_pkg']
[0.237s] Level 1:colcon.colcon_core.package_identification:_identify(src/turtlebot4_simulator/turtlebot4_gz_gui_plugins) by extension 'colcon_pkg'
[0.237s] Level 1:colcon.colcon_core.package_identification:_identify(src/turtlebot4_simulator/turtlebot4_gz_gui_plugins) by extensions ['colcon_meta']
[0.238s] Level 1:colcon.colcon_core.package_identification:_identify(src/turtlebot4_simulator/turtlebot4_gz_gui_plugins) by extension 'colcon_meta'
[0.238s] Level 1:colcon.colcon_core.package_identification:_identify(src/turtlebot4_simulator/turtlebot4_gz_gui_plugins) by extensions ['ros']
[0.238s] Level 1:colcon.colcon_core.package_identification:_identify(src/turtlebot4_simulator/turtlebot4_gz_gui_plugins) by extension 'ros'
[0.238s] DEBUG:colcon.colcon_core.package_identification:Package 'src/turtlebot4_simulator/turtlebot4_gz_gui_plugins' with type 'ros.ament_cmake' and name 'turtlebot4_gz_gui_plugins'
[0.238s] Level 1:colcon.colcon_core.package_identification:_identify(src/turtlebot4_simulator/turtlebot4_gz_toolbox) by extensions ['ignore', 'ignore_ament_install']
[0.238s] Level 1:colcon.colcon_core.package_identification:_identify(src/turtlebot4_simulator/turtlebot4_gz_toolbox) by extension 'ignore'
[0.239s] Level 1:colcon.colcon_core.package_identification:_identify(src/turtlebot4_simulator/turtlebot4_gz_toolbox) by extension 'ignore_ament_install'
[0.239s] Level 1:colcon.colcon_core.package_identification:_identify(src/turtlebot4_simulator/turtlebot4_gz_toolbox) by extensions ['colcon_pkg']
[0.239s] Level 1:colcon.colcon_core.package_identification:_identify(src/turtlebot4_simulator/turtlebot4_gz_toolbox) by extension 'colcon_pkg'
[0.239s] Level 1:colcon.colcon_core.package_identification:_identify(src/turtlebot4_simulator/turtlebot4_gz_toolbox) by extensions ['colcon_meta']
[0.239s] Level 1:colcon.colcon_core.package_identification:_identify(src/turtlebot4_simulator/turtlebot4_gz_toolbox) by extension 'colcon_meta'
[0.239s] Level 1:colcon.colcon_core.package_identification:_identify(src/turtlebot4_simulator/turtlebot4_gz_toolbox) by extensions ['ros']
[0.239s] Level 1:colcon.colcon_core.package_identification:_identify(src/turtlebot4_simulator/turtlebot4_gz_toolbox) by extension 'ros'
[0.240s] DEBUG:colcon.colcon_core.package_identification:Package 'src/turtlebot4_simulator/turtlebot4_gz_toolbox' with type 'ros.ament_cmake' and name 'turtlebot4_gz_toolbox'
[0.240s] Level 1:colcon.colcon_core.package_identification:_identify(src/turtlebot4_simulator/turtlebot4_simulator) by extensions ['ignore', 'ignore_ament_install']
[0.240s] Level 1:colcon.colcon_core.package_identification:_identify(src/turtlebot4_simulator/turtlebot4_simulator) by extension 'ignore'
[0.240s] Level 1:colcon.colcon_core.package_identification:_identify(src/turtlebot4_simulator/turtlebot4_simulator) by extension 'ignore_ament_install'
[0.240s] Level 1:colcon.colcon_core.package_identification:_identify(src/turtlebot4_simulator/turtlebot4_simulator) by extensions ['colcon_pkg']
[0.240s] Level 1:colcon.colcon_core.package_identification:_identify(src/turtlebot4_simulator/turtlebot4_simulator) by extension 'colcon_pkg'
[0.240s] Level 1:colcon.colcon_core.package_identification:_identify(src/turtlebot4_simulator/turtlebot4_simulator) by extensions ['colcon_meta']
[0.240s] Level 1:colcon.colcon_core.package_identification:_identify(src/turtlebot4_simulator/turtlebot4_simulator) by extension 'colcon_meta'
[0.241s] Level 1:colcon.colcon_core.package_identification:_identify(src/turtlebot4_simulator/turtlebot4_simulator) by extensions ['ros']
[0.241s] Level 1:colcon.colcon_core.package_identification:_identify(src/turtlebot4_simulator/turtlebot4_simulator) by extension 'ros'
[0.241s] DEBUG:colcon.colcon_core.package_identification:Package 'src/turtlebot4_simulator/turtlebot4_simulator' with type 'ros.ament_cmake' and name 'turtlebot4_simulator'
[0.242s] Level 1:colcon.colcon_core.package_discovery:discover_packages(recursive) using defaults
[0.242s] Level 1:colcon.colcon_core.package_discovery:discover_packages(ignore) discover
[0.242s] Level 1:colcon.colcon_core.package_discovery:discover_packages(ignore) using defaults
[0.242s] Level 1:colcon.colcon_core.package_discovery:discover_packages(path) discover
[0.242s] Level 1:colcon.colcon_core.package_discovery:discover_packages(path) using defaults
[0.264s] INFO:colcon.colcon_core.package_selection:Skipping not selected package 'turtlebot4_description' in 'src/turtlebot4/turtlebot4_description'
[0.264s] INFO:colcon.colcon_core.package_selection:Skipping not selected package 'turtlebot4_gz_gui_plugins' in 'src/turtlebot4_simulator/turtlebot4_gz_gui_plugins'
[0.264s] INFO:colcon.colcon_core.package_selection:Skipping not selected package 'turtlebot4_msgs' in 'src/turtlebot4/turtlebot4_msgs'
[0.264s] INFO:colcon.colcon_core.package_selection:Skipping not selected package 'turtlebot4_navigation' in 'src/turtlebot4/turtlebot4_navigation'
[0.264s] INFO:colcon.colcon_core.package_selection:Skipping not selected package 'turtlebot4_gz_toolbox' in 'src/turtlebot4_simulator/turtlebot4_gz_toolbox'
[0.264s] INFO:colcon.colcon_core.package_selection:Skipping not selected package 'turtlebot4_node' in 'src/turtlebot4/turtlebot4_node'
[0.264s] INFO:colcon.colcon_core.package_selection:Skipping not selected package 'turtlebot4_gz_bringup' in 'src/turtlebot4_simulator/turtlebot4_gz_bringup'
[0.265s] INFO:colcon.colcon_core.package_selection:Skipping not selected package 'turtlebot4_simulator' in 'src/turtlebot4_simulator/turtlebot4_simulator'
[0.265s] Level 5:colcon.colcon_core.verb:set package 'lidar_scan_relay' build argument 'cmake_args' from command line to 'None'
[0.265s] Level 5:colcon.colcon_core.verb:set package 'lidar_scan_relay' build argument 'cmake_target' from command line to 'None'
[0.265s] Level 5:colcon.colcon_core.verb:set package 'lidar_scan_relay' build argument 'cmake_target_skip_unavailable' from command line to 'False'
[0.265s] Level 5:colcon.colcon_core.verb:set package 'lidar_scan_relay' build argument 'cmake_clean_cache' from command line to 'False'
[0.265s] Level 5:colcon.colcon_core.verb:set package 'lidar_scan_relay' build argument 'cmake_clean_first' from command line to 'False'
[0.265s] Level 5:colcon.colcon_core.verb:set package 'lidar_scan_relay' build argument 'cmake_force_configure' from command line to 'False'
[0.265s] Level 5:colcon.colcon_core.verb:set package 'lidar_scan_relay' build argument 'ament_cmake_args' from command line to 'None'
[0.265s] Level 5:colcon.colcon_core.verb:set package 'lidar_scan_relay' build argument 'catkin_cmake_args' from command line to 'None'
[0.265s] Level 5:colcon.colcon_core.verb:set package 'lidar_scan_relay' build argument 'catkin_skip_building_tests' from command line to 'False'
[0.265s] DEBUG:colcon.colcon_core.verb:Building package 'lidar_scan_relay' with the following arguments: {'ament_cmake_args': None, 'build_base': '/home/blancjh/Desktop/ROS2-projects/Basic-ROS2-TurtleBot3-Manual-Control/Basic-ROS2-TurtleBot3-Manual-Control/build/lidar_scan_relay', 'catkin_cmake_args': None, 'catkin_skip_building_tests': False, 'cmake_args': None, 'cmake_clean_cache': False, 'cmake_clean_first': False, 'cmake_force_configure': False, 'cmake_target': None, 'cmake_target_skip_unavailable': False, 'install_base': '/home/blancjh/Desktop/ROS2-projects/Basic-ROS2-TurtleBot3-Manual-Control/Basic-ROS2-TurtleBot3-Manual-Control/install/lidar_scan_relay', 'merge_install': False, 'path': '/home/blancjh/Desktop/ROS2-projects/Basic-ROS2-TurtleBot3-Manual-Control/Basic-ROS2-TurtleBot3-Manual-Control/lidar_scan_relay', 'symlink_install': False, 'test_result_base': None}
[0.266s] INFO:colcon.colcon_core.executor:Executing jobs using 'parallel' executor
[0.266s] DEBUG:colcon.colcon_parallel_executor.executor.parallel:run_until_complete
[0.267s] INFO:colcon.colcon_ros.task.ament_python.build:Building ROS package in '/home/blancjh/Desktop/ROS2-projects/Basic-ROS2-TurtleBot3-Manual-Control/Basic-ROS2-TurtleBot3-Manual-Control/lidar_scan_relay' with build type 'ament_python'
[0.267s] Level 1:colcon.colcon_core.shell:create_environment_hook('lidar_scan_relay', 'ament_prefix_path')
[0.269s] INFO:colcon.colcon_core.plugin_system:Skipping extension 'colcon_core.shell.bat': Not used on non-Windows systems
[0.269s] INFO:colcon.colcon_core.shell:Creating environment descriptor '/home/blancjh/Desktop/ROS2-projects/Basic-ROS2-TurtleBot3-Manual-Control/Basic-ROS2-TurtleBot3-Manual-Control/install/lidar_scan_relay/share/lidar_scan_relay/hook/ament_prefix_path.dsv'
[0.269s] INFO:colcon.colcon_core.shell:Creating environment hook '/home/blancjh/Desktop/ROS2-projects/Basic-ROS2-TurtleBot3-Manual-Control/Basic-ROS2-TurtleBot3-Manual-Control/install/lidar_scan_relay/share/lidar_scan_relay/hook/ament_prefix_path.sh'
[0.270s] DEBUG:colcon.colcon_core.shell:Skip shell extension 'dsv' for command environment
[0.271s] WARNING:colcon.colcon_ros.prefix_path.catkin:The path '/opt/ros/jazzy/opt/gz_tools_vendor' in the environment variable CMAKE_PREFIX_PATH doesn't exist
[0.576s] INFO:colcon.colcon_core.task.python.build:Building Python package in '/home/blancjh/Desktop/ROS2-projects/Basic-ROS2-TurtleBot3-Manual-Control/Basic-ROS2-TurtleBot3-Manual-Control/lidar_scan_relay'
[0.576s] DEBUG:colcon.colcon_core.shell:Skip shell extension 'dsv' for command environment
[1.543s] DEBUG:colcon.colcon_core.event_handler.log_command:Invoking command in '/home/blancjh/Desktop/ROS2-projects/Basic-ROS2-TurtleBot3-Manual-Control/Basic-ROS2-TurtleBot3-Manual-Control/lidar_scan_relay': DEBUGINFOD_URLS=https://debuginfod.ubuntu.com PYTHONPATH=/home/blancjh/Desktop/ROS2-projects/Basic-ROS2-TurtleBot3-Manual-Control/Basic-ROS2-TurtleBot3-Manual-Control/build/lidar_scan_relay/prefix_override:/usr/lib/python3/dist-packages/colcon_core/task/python/colcon_distutils_commands:/home/blancjh/Desktop/ROS2-projects/Basic-ROS2-TurtleBot3-Manual-Control/Basic-ROS2-TurtleBot3-Manual-Control/install/lidar_scan_relay/lib/python3.12/site-packages:${PYTHONPATH} /usr/bin/python3 -W ignore:setup.py install is deprecated -W ignore:easy_install command is deprecated setup.py egg_info --egg-base ../build/lidar_scan_relay build --build-base /home/blancjh/Desktop/ROS2-projects/Basic-ROS2-TurtleBot3-Manual-Control/Basic-ROS2-TurtleBot3-Manual-Control/build/lidar_scan_relay/build install --record /home/blancjh/Desktop/ROS2-projects/Basic-ROS2-TurtleBot3-Manual-Control/Basic-ROS2-TurtleBot3-Manual-Control/build/lidar_scan_relay/install.log --single-version-externally-managed install_data
[2.286s] DEBUG:colcon.colcon_core.event_handler.log_command:Invoked command in '/home/blancjh/Desktop/ROS2-projects/Basic-ROS2-TurtleBot3-Manual-Control/Basic-ROS2-TurtleBot3-Manual-Control/lidar_scan_relay' returned '0': DEBUGINFOD_URLS=https://debuginfod.ubuntu.com PYTHONPATH=/home/blancjh/Desktop/ROS2-projects/Basic-ROS2-TurtleBot3-Manual-Control/Basic-ROS2-TurtleBot3-Manual-Control/build/lidar_scan_relay/prefix_override:/usr/lib/python3/dist-packages/colcon_core/task/python/colcon_distutils_commands:/home/blancjh/Desktop/ROS2-projects/Basic-ROS2-TurtleBot3-Manual-Control/Basic-ROS2-TurtleBot3-Manual-Control/install/lidar_scan_relay/lib/python3.12/site-packages:${PYTHONPATH} /usr/bin/python3 -W ignore:setup.py install is deprecated -W ignore:easy_install command is deprecated setup.py egg_info --egg-base ../build/lidar_scan_relay build --build-base /home/blancjh/Desktop/ROS2-projects/Basic-ROS2-TurtleBot3-Manual-Control/Basic-ROS2-TurtleBot3-Manual-Control/build/lidar_scan_relay/build install --record /home/blancjh/Desktop/ROS2-projects/Basic-ROS2-TurtleBot3-Manual-Control/Basic-ROS2-TurtleBot3-Manual-Control/build/lidar_scan_relay/install.log --single-version-externally-managed install_data
[2.288s] Level 1:colcon.colcon_core.environment:checking '/home/blancjh/Desktop/ROS2-projects/Basic-ROS2-TurtleBot3-Manual-Control/Basic-ROS2-TurtleBot3-Manual-Control/install/lidar_scan_relay' for CMake module files
[2.288s] Level 1:colcon.colcon_core.environment:checking '/home/blancjh/Desktop/ROS2-projects/Basic-ROS2-TurtleBot3-Manual-Control/Basic-ROS2-TurtleBot3-Manual-Control/install/lidar_scan_relay' for CMake config files
[2.289s] Level 1:colcon.colcon_core.environment:checking '/home/blancjh/Desktop/ROS2-projects/Basic-ROS2-TurtleBot3-Manual-Control/Basic-ROS2-TurtleBot3-Manual-Control/install/lidar_scan_relay/lib'
[2.289s] Level 1:colcon.colcon_core.environment:checking '/home/blancjh/Desktop/ROS2-projects/Basic-ROS2-TurtleBot3-Manual-Control/Basic-ROS2-TurtleBot3-Manual-Control/install/lidar_scan_relay/bin'
[2.289s] Level 1:colcon.colcon_core.environment:checking '/home/blancjh/Desktop/ROS2-projects/Basic-ROS2-TurtleBot3-Manual-Control/Basic-ROS2-TurtleBot3-Manual-Control/install/lidar_scan_relay/lib/pkgconfig/lidar_scan_relay.pc'
[2.289s] Level 1:colcon.colcon_core.environment:checking '/home/blancjh/Desktop/ROS2-projects/Basic-ROS2-TurtleBot3-Manual-Control/Basic-ROS2-TurtleBot3-Manual-Control/install/lidar_scan_relay/lib/python3.12/site-packages'
[2.289s] Level 1:colcon.colcon_core.shell:create_environment_hook('lidar_scan_relay', 'pythonpath')
[2.289s] INFO:colcon.colcon_core.shell:Creating environment descriptor '/home/blancjh/Desktop/ROS2-projects/Basic-ROS2-TurtleBot3-Manual-Control/Basic-ROS2-TurtleBot3-Manual-Control/install/lidar_scan_relay/share/lidar_scan_relay/hook/pythonpath.dsv'
[2.290s] INFO:colcon.colcon_core.shell:Creating environment hook '/home/blancjh/Desktop/ROS2-projects/Basic-ROS2-TurtleBot3-Manual-Control/Basic-ROS2-TurtleBot3-Manual-Control/install/lidar_scan_relay/share/lidar_scan_relay/hook/pythonpath.sh'
[2.290s] Level 1:colcon.colcon_core.environment:checking '/home/blancjh/Desktop/ROS2-projects/Basic-ROS2-TurtleBot3-Manual-Control/Basic-ROS2-TurtleBot3-Manual-Control/install/lidar_scan_relay/bin'
[2.290s] Level 1:colcon.colcon_core.environment:create_environment_scripts_only(lidar_scan_relay)
[2.290s] INFO:colcon.colcon_core.shell:Creating package descriptor '/home/blancjh/Desktop/ROS2-projects/Basic-ROS2-TurtleBot3-Manual-Control/Basic-ROS2-TurtleBot3-Manual-Control/install/lidar_scan_relay/share/lidar_scan_relay/package.dsv'
[2.291s] INFO:colcon.colcon_core.shell:Creating package script '/home/blancjh/Desktop/ROS2-projects/Basic-ROS2-TurtleBot3-Manual-Control/Basic-ROS2-TurtleBot3-Manual-Control/install/lidar_scan_relay/share/lidar_scan_relay/package.sh'
[2.291s] INFO:colcon.colcon_core.shell:Creating package script '/home/blancjh/Desktop/ROS2-projects/Basic-ROS2-TurtleBot3-Manual-Control/Basic-ROS2-TurtleBot3-Manual-Control/install/lidar_scan_relay/share/lidar_scan_relay/package.bash'
[2.292s] INFO:colcon.colcon_core.shell:Creating package script '/home/blancjh/Desktop/ROS2-projects/Basic-ROS2-TurtleBot3-Manual-Control/Basic-ROS2-TurtleBot3-Manual-Control/install/lidar_scan_relay/share/lidar_scan_relay/package.zsh'
[2.293s] Level 1:colcon.colcon_core.environment:create_file_with_runtime_dependencies(/home/blancjh/Desktop/ROS2-projects/Basic-ROS2-TurtleBot3-Manual-Control/Basic-ROS2-TurtleBot3-Manual-Control/install/lidar_scan_relay/share/colcon-core/packages/lidar_scan_relay)
[2.293s] DEBUG:colcon.colcon_parallel_executor.executor.parallel:closing loop
[2.293s] DEBUG:colcon.colcon_parallel_executor.executor.parallel:loop closed
[2.293s] DEBUG:colcon.colcon_parallel_executor.executor.parallel:run_until_complete finished with '0'
[2.293s] DEBUG:colcon.colcon_core.event_reactor:joining thread
[2.302s] INFO:colcon.colcon_core.plugin_system:Skipping extension 'colcon_notification.desktop_notification.terminal_notifier': Not used on non-Darwin systems
[2.303s] INFO:colcon.colcon_core.plugin_system:Skipping extension 'colcon_notification.desktop_notification.win32': Not used on non-Windows systems
[2.303s] INFO:colcon.colcon_notification.desktop_notification:Sending desktop notification using 'notify2'
[2.319s] DEBUG:colcon.colcon_core.event_reactor:joined thread
[2.320s] INFO:colcon.colcon_core.shell:Creating prefix script '/home/blancjh/Desktop/ROS2-projects/Basic-ROS2-TurtleBot3-Manual-Control/Basic-ROS2-TurtleBot3-Manual-Control/install/local_setup.sh'
[2.321s] INFO:colcon.colcon_core.shell:Creating prefix util module '/home/blancjh/Desktop/ROS2-projects/Basic-ROS2-TurtleBot3-Manual-Control/Basic-ROS2-TurtleBot3-Manual-Control/install/_local_setup_util_sh.py'
[2.322s] INFO:colcon.colcon_core.shell:Creating prefix chain script '/home/blancjh/Desktop/ROS2-projects/Basic-ROS2-TurtleBot3-Manual-Control/Basic-ROS2-TurtleBot3-Manual-Control/install/setup.sh'
[2.323s] INFO:colcon.colcon_core.shell:Creating prefix script '/home/blancjh/Desktop/ROS2-projects/Basic-ROS2-TurtleBot3-Manual-Control/Basic-ROS2-TurtleBot3-Manual-Control/install/local_setup.bash'
[2.324s] INFO:colcon.colcon_core.shell:Creating prefix chain script '/home/blancjh/Desktop/ROS2-projects/Basic-ROS2-TurtleBot3-Manual-Control/Basic-ROS2-TurtleBot3-Manual-Control/install/setup.bash'
[2.325s] INFO:colcon.colcon_core.shell:Creating prefix script '/home/blancjh/Desktop/ROS2-projects/Basic-ROS2-TurtleBot3-Manual-Control/Basic-ROS2-TurtleBot3-Manual-Control/install/local_setup.zsh'
[2.326s] INFO:colcon.colcon_core.shell:Creating prefix chain script '/home/blancjh/Desktop/ROS2-projects/Basic-ROS2-TurtleBot3-Manual-Control/Basic-ROS2-TurtleBot3-Manual-Control/install/setup.zsh'
