[0.016s] Invoking command in '/home/blancjh/Desktop/ROS2-projects/Basic-ROS2-TurtleBot3-Manual-Control/Basic-ROS2-TurtleBot3-Manual-Control/build/turtlebot4_gz_gui_plugins': CMAKE_PREFIX_PATH=${CMAKE_PREFIX_PATH}:/opt/ros/jazzy DEBUGINFOD_URLS=https://debuginfod.ubuntu.com /usr/bin/cmake /home/blancjh/Desktop/ROS2-projects/Basic-ROS2-TurtleBot3-Manual-Control/Basic-ROS2-TurtleBot3-Manual-Control/src/turtlebot4_simulator/turtlebot4_gz_gui_plugins -DCMAKE_INSTALL_PREFIX=/home/blancjh/Desktop/ROS2-projects/Basic-ROS2-TurtleBot3-Manual-Control/Basic-ROS2-TurtleBot3-Manual-Control/install/turtlebot4_gz_gui_plugins
[0.080s] -- The C compiler identification is GNU 13.3.0
[0.137s] -- The CXX compiler identification is GNU 13.3.0
[0.154s] -- Detecting C compiler ABI info
[0.241s] -- Detecting C compiler ABI info - done
[0.250s] -- Check for working C compiler: /usr/bin/cc - skipped
[0.250s] -- Detecting C compile features
[0.250s] -- Detecting C compile features - done
[0.259s] -- Detecting CXX compiler ABI info
[0.356s] -- Detecting CXX compiler ABI info - done
[0.366s] -- Check for working CXX compiler: /usr/bin/c++ - skipped
[0.366s] -- Detecting CXX compile features
[0.367s] -- Detecting CXX compile features - done
[0.372s] -- Found ament_cmake: 2.5.4 (/opt/ros/jazzy/share/ament_cmake/cmake)
[0.531s] -- Found Python3: /usr/bin/python3 (found version "3.12.3") found components: Interpreter 
[0.657s] -- Found gz_gui_vendor: 0.0.5 (/opt/ros/jazzy/share/gz_gui_vendor/cmake)
[0.702s] -- Looking for gz-gui8 -- found version 8.4.0
[0.711s] -- Searching for dependencies of gz-gui8
[0.847s] -- Found Protobuf: /usr/lib/x86_64-linux-gnu/libprotobuf.so (found version "3.21.12") 
[0.856s] -- Checking for module 'tinyxml2'
[0.876s] --   Found tinyxml2, version 10.0.0
[0.913s] -- Looking for gz-utils2 -- found version 2.2.1
[0.913s] -- Searching for dependencies of gz-utils2
[0.915s] -- Looking for gz-math7 -- found version 7.5.2
[0.915s] -- Searching for dependencies of gz-math7
[0.916s] -- Looking for gz-utils2 -- found version 2.2.1
[0.919s] -- Looking for gz-common5 -- found version 5.7.1
[0.919s] -- Searching for dependencies of gz-common5
[0.919s] -- Looking for gz-utils2 -- found version 2.2.1
[0.920s] -- Looking for dlfcn.h - found
[0.922s] -- Looking for libdl - found
[0.924s] -- Found DL: TRUE  
[0.928s] -- Checking for module 'uuid'
[0.943s] --   Found uuid, version 2.39.3
[0.973s] -- Found UUID: TRUE  
[0.974s] -- Searching for <gz-common5> component [profiler]
[0.976s] -- Looking for gz-common5-profiler -- found version 5.7.1
[0.977s] -- Searching for dependencies of gz-common5-profiler
[0.980s] -- Looking for gz-plugin2 -- found version 2.0.4
[0.980s] -- Searching for dependencies of gz-plugin2
[0.980s] -- Looking for gz-utils2 -- found version 2.2.1
[0.980s] -- Searching for dependencies of gz-utils2
[0.981s] -- Searching for <gz-utils2> component [cli]
[0.984s] -- Looking for gz-utils2-cli -- found version 2.2.1
[0.984s] -- Searching for dependencies of gz-utils2-cli
[0.985s] -- Searching for <gz-plugin2> component [loader]
[0.987s] -- Looking for gz-plugin2-loader -- found version 2.0.4
[0.987s] -- Searching for dependencies of gz-plugin2-loader
[0.988s] -- Searching for <gz-plugin2> component [register]
[0.991s] -- Looking for gz-plugin2-register -- found version 2.0.4
[0.991s] -- Searching for dependencies of gz-plugin2-register
[0.994s] -- Looking for gz-transport13 -- found version 13.4.1
[0.995s] -- Searching for dependencies of gz-transport13
[1.034s] -- Config-file not installed for ZeroMQ -- checking for pkg-config
[1.039s] -- Checking for module 'libzmq >= 4'
[1.053s] --   Found libzmq, version 4.3.5
[1.091s] -- Found ZeroMQ: TRUE (Required is at least version "4") 
[1.099s] -- Looking for gz-utils2 -- found version 2.2.1
[1.101s] -- Looking for gz-msgs10 -- found version 10.3.2
[1.101s] -- Searching for dependencies of gz-msgs10
[1.122s] -- Looking for gz-utils2 -- found version 2.2.1
[1.123s] -- Looking for gz-math7 -- found version 7.5.2
[1.132s] -- Looking for gz-rendering8 -- found version 8.2.2
[1.132s] -- Searching for dependencies of gz-rendering8
[1.132s] -- Looking for gz-math7 -- found version 7.5.2
[1.132s] -- Searching for dependencies of gz-math7
[1.133s] -- Looking for gz-utils2 -- found version 2.2.1
[1.133s] -- Searching for <gz-math7> component [eigen3]
[1.135s] -- Looking for gz-math7-eigen3 -- found version 7.5.2
[1.135s] -- Searching for dependencies of gz-math7-eigen3
[1.145s] -- Looking for gz-common5 -- found version 5.7.1
[1.146s] -- Searching for dependencies of gz-common5
[1.146s] -- Looking for gz-utils2 -- found version 2.2.1
[1.146s] -- Looking for dlfcn.h - found
[1.146s] -- Looking for libdl - found
[1.153s] -- Searching for <gz-common5> component [graphics]
[1.156s] -- Looking for gz-common5-graphics -- found version 5.7.1
[1.156s] -- Searching for dependencies of gz-common5-graphics
[1.157s] -- Looking for gz-math7 -- found version 7.5.2
[1.162s] -- Found GzAssimp: TRUE (found version "5.3.0") 
[1.163s] -- Searching for <gz-common5> component [events]
[1.165s] -- Looking for gz-common5-events -- found version 5.7.1
[1.165s] -- Searching for dependencies of gz-common5-events
[1.166s] -- Looking for gz-math7 -- found version 7.5.2
[1.166s] -- Searching for <gz-common5> component [geospatial]
[1.169s] -- Looking for gz-common5-geospatial -- found version 5.7.1
[1.169s] -- Searching for dependencies of gz-common5-geospatial
[1.169s] -- Looking for gz-math7 -- found version 7.5.2
[1.170s] -- Looking for gz-common5 -- found version 5.7.1
[1.171s] -- Looking for gz-plugin2 -- found version 2.0.4
[1.171s] -- Searching for dependencies of gz-plugin2
[1.171s] -- Looking for gz-utils2 -- found version 2.2.1
[1.171s] -- Searching for <gz-plugin2> component [all]
[1.174s] -- Looking for all libraries of gz-plugin2 -- found version 2.0.4
[1.174s] -- Looking for gz-plugin2 -- found version 2.0.4
[1.175s] -- Looking for gz-utils2 -- found version 2.2.1
[1.190s] -- Found OpenGL: /usr/lib/x86_64-linux-gnu/libOpenGL.so  found components: OpenGL 
[1.191s] -- Looking for gz-msgs10 -- found version 10.3.2
[1.218s] -- Found ament_lint_auto: 0.17.2 (/opt/ros/jazzy/share/ament_lint_auto/cmake)
[1.345s] -- Looking for gz-gui8 -- found version 8.4.0
[1.346s] -- Looking for gz-common5 -- found version 5.7.1
[1.350s] -- Added test 'cppcheck' to perform static code analysis on C / C++ code
[1.350s] -- Configured cppcheck include dirs: 
[1.351s] -- Configured cppcheck exclude dirs and/or files: 
[1.352s] -- Added test 'cpplint' to check C / C++ code against the Google style
[1.352s] -- Configured cpplint exclude dirs and/or files: 
[1.353s] -- Added test 'lint_cmake' to check CMake code style
[1.355s] -- Added test 'xmllint' to check XML markup files
[1.357s] -- Configuring done (1.3s)
[1.374s] -- Generating done (0.0s)
[1.378s] -- Build files have been written to: /home/blancjh/Desktop/ROS2-projects/Basic-ROS2-TurtleBot3-Manual-Control/Basic-ROS2-TurtleBot3-Manual-Control/build/turtlebot4_gz_gui_plugins
[1.386s] Invoked command in '/home/blancjh/Desktop/ROS2-projects/Basic-ROS2-TurtleBot3-Manual-Control/Basic-ROS2-TurtleBot3-Manual-Control/build/turtlebot4_gz_gui_plugins' returned '0': CMAKE_PREFIX_PATH=${CMAKE_PREFIX_PATH}:/opt/ros/jazzy DEBUGINFOD_URLS=https://debuginfod.ubuntu.com /usr/bin/cmake /home/blancjh/Desktop/ROS2-projects/Basic-ROS2-TurtleBot3-Manual-Control/Basic-ROS2-TurtleBot3-Manual-Control/src/turtlebot4_simulator/turtlebot4_gz_gui_plugins -DCMAKE_INSTALL_PREFIX=/home/blancjh/Desktop/ROS2-projects/Basic-ROS2-TurtleBot3-Manual-Control/Basic-ROS2-TurtleBot3-Manual-Control/install/turtlebot4_gz_gui_plugins
[1.387s] Invoking command in '/home/blancjh/Desktop/ROS2-projects/Basic-ROS2-TurtleBot3-Manual-Control/Basic-ROS2-TurtleBot3-Manual-Control/build/turtlebot4_gz_gui_plugins': CMAKE_PREFIX_PATH=${CMAKE_PREFIX_PATH}:/opt/ros/jazzy DEBUGINFOD_URLS=https://debuginfod.ubuntu.com /usr/bin/cmake --build /home/blancjh/Desktop/ROS2-projects/Basic-ROS2-TurtleBot3-Manual-Control/Basic-ROS2-TurtleBot3-Manual-Control/build/turtlebot4_gz_gui_plugins -- -j12 -l12
[1.442s] [  0%] Built target Turtlebot4Hmi_autogen_timestamp_deps
[1.463s] [ 14%] [34m[1mAutomatic MOC for target Turtlebot4Hmi[0m
[2.417s] [ 14%] Built target Turtlebot4Hmi_autogen
[2.427s] [ 28%] [34m[1mGenerating qrc_Turtlebot4Hmi.cpp[0m
[2.461s] [ 71%] [32mBuilding CXX object Turtlebot4Hmi/CMakeFiles/Turtlebot4Hmi.dir/Turtlebot4Hmi_autogen/mocs_compilation.cpp.o[0m
[2.461s] [ 71%] [32mBuilding CXX object Turtlebot4Hmi/CMakeFiles/Turtlebot4Hmi.dir/Turtlebot4Hmi.cc.o[0m
[2.461s] [ 71%] [32mBuilding CXX object Turtlebot4Hmi/CMakeFiles/Turtlebot4Hmi.dir/qrc_Turtlebot4Hmi.cpp.o[0m
[9.239s] [ 85%] [32m[1mLinking CXX shared library libTurtlebot4Hmi.so[0m
[9.561s] [100%] Built target Turtlebot4Hmi
[9.573s] Invoked command in '/home/blancjh/Desktop/ROS2-projects/Basic-ROS2-TurtleBot3-Manual-Control/Basic-ROS2-TurtleBot3-Manual-Control/build/turtlebot4_gz_gui_plugins' returned '0': CMAKE_PREFIX_PATH=${CMAKE_PREFIX_PATH}:/opt/ros/jazzy DEBUGINFOD_URLS=https://debuginfod.ubuntu.com /usr/bin/cmake --build /home/blancjh/Desktop/ROS2-projects/Basic-ROS2-TurtleBot3-Manual-Control/Basic-ROS2-TurtleBot3-Manual-Control/build/turtlebot4_gz_gui_plugins -- -j12 -l12
[9.575s] Invoking command in '/home/blancjh/Desktop/ROS2-projects/Basic-ROS2-TurtleBot3-Manual-Control/Basic-ROS2-TurtleBot3-Manual-Control/build/turtlebot4_gz_gui_plugins': CMAKE_PREFIX_PATH=${CMAKE_PREFIX_PATH}:/opt/ros/jazzy DEBUGINFOD_URLS=https://debuginfod.ubuntu.com /usr/bin/cmake --install /home/blancjh/Desktop/ROS2-projects/Basic-ROS2-TurtleBot3-Manual-Control/Basic-ROS2-TurtleBot3-Manual-Control/build/turtlebot4_gz_gui_plugins
[9.583s] -- Install configuration: ""
[9.584s] -- Installing: /home/blancjh/Desktop/ROS2-projects/Basic-ROS2-TurtleBot3-Manual-Control/Basic-ROS2-TurtleBot3-Manual-Control/install/turtlebot4_gz_gui_plugins/share/ament_index/resource_index/package_run_dependencies/turtlebot4_gz_gui_plugins
[9.584s] -- Installing: /home/blancjh/Desktop/ROS2-projects/Basic-ROS2-TurtleBot3-Manual-Control/Basic-ROS2-TurtleBot3-Manual-Control/install/turtlebot4_gz_gui_plugins/share/ament_index/resource_index/parent_prefix_path/turtlebot4_gz_gui_plugins
[9.584s] -- Installing: /home/blancjh/Desktop/ROS2-projects/Basic-ROS2-TurtleBot3-Manual-Control/Basic-ROS2-TurtleBot3-Manual-Control/install/turtlebot4_gz_gui_plugins/share/turtlebot4_gz_gui_plugins/environment/ament_prefix_path.sh
[9.584s] -- Installing: /home/blancjh/Desktop/ROS2-projects/Basic-ROS2-TurtleBot3-Manual-Control/Basic-ROS2-TurtleBot3-Manual-Control/install/turtlebot4_gz_gui_plugins/share/turtlebot4_gz_gui_plugins/environment/ament_prefix_path.dsv
[9.584s] -- Installing: /home/blancjh/Desktop/ROS2-projects/Basic-ROS2-TurtleBot3-Manual-Control/Basic-ROS2-TurtleBot3-Manual-Control/install/turtlebot4_gz_gui_plugins/share/turtlebot4_gz_gui_plugins/environment/path.sh
[9.584s] -- Installing: /home/blancjh/Desktop/ROS2-projects/Basic-ROS2-TurtleBot3-Manual-Control/Basic-ROS2-TurtleBot3-Manual-Control/install/turtlebot4_gz_gui_plugins/share/turtlebot4_gz_gui_plugins/environment/path.dsv
[9.585s] -- Installing: /home/blancjh/Desktop/ROS2-projects/Basic-ROS2-TurtleBot3-Manual-Control/Basic-ROS2-TurtleBot3-Manual-Control/install/turtlebot4_gz_gui_plugins/share/turtlebot4_gz_gui_plugins/local_setup.bash
[9.585s] -- Installing: /home/blancjh/Desktop/ROS2-projects/Basic-ROS2-TurtleBot3-Manual-Control/Basic-ROS2-TurtleBot3-Manual-Control/install/turtlebot4_gz_gui_plugins/share/turtlebot4_gz_gui_plugins/local_setup.sh
[9.585s] -- Installing: /home/blancjh/Desktop/ROS2-projects/Basic-ROS2-TurtleBot3-Manual-Control/Basic-ROS2-TurtleBot3-Manual-Control/install/turtlebot4_gz_gui_plugins/share/turtlebot4_gz_gui_plugins/local_setup.zsh
[9.585s] -- Installing: /home/blancjh/Desktop/ROS2-projects/Basic-ROS2-TurtleBot3-Manual-Control/Basic-ROS2-TurtleBot3-Manual-Control/install/turtlebot4_gz_gui_plugins/share/turtlebot4_gz_gui_plugins/local_setup.dsv
[9.585s] -- Installing: /home/blancjh/Desktop/ROS2-projects/Basic-ROS2-TurtleBot3-Manual-Control/Basic-ROS2-TurtleBot3-Manual-Control/install/turtlebot4_gz_gui_plugins/share/turtlebot4_gz_gui_plugins/package.dsv
[9.586s] -- Installing: /home/blancjh/Desktop/ROS2-projects/Basic-ROS2-TurtleBot3-Manual-Control/Basic-ROS2-TurtleBot3-Manual-Control/install/turtlebot4_gz_gui_plugins/share/ament_index/resource_index/packages/turtlebot4_gz_gui_plugins
[9.586s] -- Installing: /home/blancjh/Desktop/ROS2-projects/Basic-ROS2-TurtleBot3-Manual-Control/Basic-ROS2-TurtleBot3-Manual-Control/install/turtlebot4_gz_gui_plugins/share/turtlebot4_gz_gui_plugins/cmake/turtlebot4_gz_gui_pluginsConfig.cmake
[9.586s] -- Installing: /home/blancjh/Desktop/ROS2-projects/Basic-ROS2-TurtleBot3-Manual-Control/Basic-ROS2-TurtleBot3-Manual-Control/install/turtlebot4_gz_gui_plugins/share/turtlebot4_gz_gui_plugins/cmake/turtlebot4_gz_gui_pluginsConfig-version.cmake
[9.586s] -- Installing: /home/blancjh/Desktop/ROS2-projects/Basic-ROS2-TurtleBot3-Manual-Control/Basic-ROS2-TurtleBot3-Manual-Control/install/turtlebot4_gz_gui_plugins/share/turtlebot4_gz_gui_plugins/package.xml
[9.586s] -- Installing: /home/blancjh/Desktop/ROS2-projects/Basic-ROS2-TurtleBot3-Manual-Control/Basic-ROS2-TurtleBot3-Manual-Control/install/turtlebot4_gz_gui_plugins/share/turtlebot4_gz_gui_plugins/lib/libTurtlebot4Hmi.so
[9.587s] -- Set non-toolchain portion of runtime path of "/home/blancjh/Desktop/ROS2-projects/Basic-ROS2-TurtleBot3-Manual-Control/Basic-ROS2-TurtleBot3-Manual-Control/install/turtlebot4_gz_gui_plugins/share/turtlebot4_gz_gui_plugins/lib/libTurtlebot4Hmi.so" to ""
[9.590s] Invoked command in '/home/blancjh/Desktop/ROS2-projects/Basic-ROS2-TurtleBot3-Manual-Control/Basic-ROS2-TurtleBot3-Manual-Control/build/turtlebot4_gz_gui_plugins' returned '0': CMAKE_PREFIX_PATH=${CMAKE_PREFIX_PATH}:/opt/ros/jazzy DEBUGINFOD_URLS=https://debuginfod.ubuntu.com /usr/bin/cmake --install /home/blancjh/Desktop/ROS2-projects/Basic-ROS2-TurtleBot3-Manual-Control/Basic-ROS2-TurtleBot3-Manual-Control/build/turtlebot4_gz_gui_plugins
